<?xml version="1.0" encoding="UTF-8" ?>
<testsuite tests="4" failures="0" name="com.dlri.chinacnr.bwts.dao.detectionDetailsDaoTest" time="0.6" errors="4" skipped="0">
  <properties>
    <property name="java.runtime.name" value="Java(TM) SE Runtime Environment"/>
    <property name="sun.boot.library.path" value="C:\Program Files\Java\jdk1.8.0_152\jre\bin"/>
    <property name="java.vm.version" value="25.152-b16"/>
    <property name="java.vm.vendor" value="Oracle Corporation"/>
    <property name="maven.multiModuleProjectDirectory" value="F:\workspace\2018\new\bwts-dao"/>
    <property name="java.vendor.url" value="http://java.oracle.com/"/>
    <property name="path.separator" value=";"/>
    <property name="guice.disable.misplaced.annotation.check" value="true"/>
    <property name="java.vm.name" value="Java HotSpot(TM) 64-Bit Server VM"/>
    <property name="file.encoding.pkg" value="sun.io"/>
    <property name="user.script" value=""/>
    <property name="user.country" value="CN"/>
    <property name="sun.java.launcher" value="SUN_STANDARD"/>
    <property name="sun.os.patch.level" value=""/>
    <property name="java.vm.specification.name" value="Java Virtual Machine Specification"/>
    <property name="user.dir" value="F:\workspace\2018\new\bwts-dao"/>
    <property name="java.runtime.version" value="1.8.0_152-b16"/>
    <property name="java.awt.graphicsenv" value="sun.awt.Win32GraphicsEnvironment"/>
    <property name="java.endorsed.dirs" value="C:\Program Files\Java\jdk1.8.0_152\jre\lib\endorsed"/>
    <property name="os.arch" value="amd64"/>
    <property name="java.io.tmpdir" value="C:\Users\JH\AppData\Local\Temp\"/>
    <property name="line.separator" value="
"/>
    <property name="java.vm.specification.vendor" value="Oracle Corporation"/>
    <property name="user.variant" value=""/>
    <property name="os.name" value="Windows 10"/>
    <property name="classworlds.conf" value="F:\workspace\2018\new\.metadata\.plugins\org.eclipse.m2e.launching\launches\m2conf1493375403162167128.tmp"/>
    <property name="sun.jnu.encoding" value="GBK"/>
    <property name="java.library.path" value="C:\Program Files\Java\jdk1.8.0_152\jre\bin;C:\WINDOWS\Sun\Java\bin;C:\WINDOWS\system32;C:\WINDOWS;C:/Program Files/Java/jre1.8.0_152/bin/server;C:/Program Files/Java/jre1.8.0_152/bin;C:/Program Files/Java/jre1.8.0_152/lib/amd64;C:\ProgramData\Oracle\Java\javapath;C:\app\JH\product\11.2.0\client_1\bin;C:\Program Files (x86)\Intel\iCLS Client\;C:\Program Files\Intel\iCLS Client\;C:\windows\system32;C:\windows;C:\windows\System32\Wbem;C:\windows\System32\WindowsPowerShell\v1.0\;C:\Program Files (x86)\NVIDIA Corporation\PhysX\Common;C:\Program Files (x86)\Intel\Intel(R) Management Engine Components\DAL;C:\Program Files\Intel\Intel(R) Management Engine Components\DAL;C:\Program Files (x86)\Intel\Intel(R) Management Engine Components\IPT;C:\Program Files\Intel\Intel(R) Management Engine Components\IPT;C:\WINDOWS\system32;C:\WINDOWS;C:\WINDOWS\System32\Wbem;C:\WINDOWS\System32\WindowsPowerShell\v1.0\;C:\Program Files\Java\jdk1.8.0_152\bin;C:\Program Files (x86)\Git\cmd;c:\Program Files (x86)\Microsoft SQL Server\100\Tools\Binn\;c:\Program Files (x86)\Microsoft SQL Server\100\DTS\Binn\;c:\Program Files (x86)\Microsoft SQL Server\100\Tools\Binn\VSShell\Common7\IDE\;F:\mysql-5.7.20-winx64\bin;C:\Program Files\nodejs\;F:\mysql-5.7.20-winx64\bin;C:\WINDOWS\System32\OpenSSH\;C:\Program Files\Intel\WiFi\bin\;C:\Program Files\Common Files\Intel\WirelessCommon\;C:\Users\JH\AppData\Roaming\npm;%USERPROFILE%\AppData\Local\Microsoft\WindowsApps;;C:\Users\JH\Desktop;;."/>
    <property name="java.specification.name" value="Java Platform API Specification"/>
    <property name="java.class.version" value="52.0"/>
    <property name="sun.management.compiler" value="HotSpot 64-Bit Tiered Compilers"/>
    <property name="os.version" value="10.0"/>
    <property name="user.home" value="C:\Users\JH"/>
    <property name="user.timezone" value="Asia/Shanghai"/>
    <property name="java.awt.printerjob" value="sun.awt.windows.WPrinterJob"/>
    <property name="java.specification.version" value="1.8"/>
    <property name="file.encoding" value="GBK"/>
    <property name="user.name" value="JH"/>
    <property name="java.class.path" value="C:\Users\JH\.p2\pool\plugins\org.eclipse.m2e.maven.runtime_1.9.1.20180912-1600\jars\plexus-classworlds-2.5.2.jar"/>
    <property name="java.vm.specification.version" value="1.8"/>
    <property name="sun.arch.data.model" value="64"/>
    <property name="java.home" value="C:\Program Files\Java\jdk1.8.0_152\jre"/>
    <property name="sun.java.command" value="org.codehaus.plexus.classworlds.launcher.Launcher -B install"/>
    <property name="java.specification.vendor" value="Oracle Corporation"/>
    <property name="user.language" value="zh"/>
    <property name="awt.toolkit" value="sun.awt.windows.WToolkit"/>
    <property name="java.vm.info" value="mixed mode"/>
    <property name="java.version" value="1.8.0_152"/>
    <property name="java.ext.dirs" value="C:\Program Files\Java\jdk1.8.0_152\jre\lib\ext;C:\WINDOWS\Sun\Java\lib\ext"/>
    <property name="sun.boot.class.path" value="C:\Program Files\Java\jdk1.8.0_152\jre\lib\resources.jar;C:\Program Files\Java\jdk1.8.0_152\jre\lib\rt.jar;C:\Program Files\Java\jdk1.8.0_152\jre\lib\sunrsasign.jar;C:\Program Files\Java\jdk1.8.0_152\jre\lib\jsse.jar;C:\Program Files\Java\jdk1.8.0_152\jre\lib\jce.jar;C:\Program Files\Java\jdk1.8.0_152\jre\lib\charsets.jar;C:\Program Files\Java\jdk1.8.0_152\jre\lib\jfr.jar;C:\Program Files\Java\jdk1.8.0_152\jre\classes"/>
    <property name="java.vendor" value="Oracle Corporation"/>
    <property name="maven.home" value="F:\workspace\2018\new\bwts-dao\EMBEDDED"/>
    <property name="file.separator" value="\"/>
    <property name="java.vendor.url.bug" value="http://bugreport.sun.com/bugreport/"/>
    <property name="sun.cpu.endian" value="little"/>
    <property name="sun.io.unicode.encoding" value="UnicodeLittle"/>
    <property name="sun.desktop" value="windows"/>
    <property name="sun.cpu.isalist" value="amd64"/>
  </properties>
  <testcase classname="com.dlri.chinacnr.bwts.dao.detectionDetailsDaoTest" name="testQueryDetectionRecordByCondition" time="0.423">
    <error message="
### Error opening session.  Cause: java.lang.NullPointerException
### Cause: java.lang.NullPointerException" type="org.apache.ibatis.exceptions.PersistenceException">org.apache.ibatis.exceptions.PersistenceException: 
### Error opening session.  Cause: java.lang.NullPointerException
### Cause: java.lang.NullPointerException
	at org.apache.ibatis.exceptions.ExceptionFactory.wrapException(ExceptionFactory.java:30)
	at org.apache.ibatis.session.defaults.DefaultSqlSessionFactory.openSessionFromDataSource(DefaultSqlSessionFactory.java:100)
	at org.apache.ibatis.session.defaults.DefaultSqlSessionFactory.openSession(DefaultSqlSessionFactory.java:47)
	at com.dlri.chinacnr.bwts.utils.MybatisUtils.getSqlSession(MybatisUtils.java:20)
	at com.dlri.chinacnr.bwts.dao.detectionDetailsDaoTest.testQueryDetectionRecordByCondition(detectionDetailsDaoTest.java:89)
	at sun.reflect.NativeMethodAccessorImpl.invoke0(Native Method)
	at sun.reflect.NativeMethodAccessorImpl.invoke(NativeMethodAccessorImpl.java:62)
	at sun.reflect.DelegatingMethodAccessorImpl.invoke(DelegatingMethodAccessorImpl.java:43)
	at java.lang.reflect.Method.invoke(Method.java:498)
	at org.junit.runners.model.FrameworkMethod$1.runReflectiveCall(FrameworkMethod.java:50)
	at org.junit.internal.runners.model.ReflectiveCallable.run(ReflectiveCallable.java:12)
	at org.junit.runners.model.FrameworkMethod.invokeExplosively(FrameworkMethod.java:47)
	at org.junit.internal.runners.statements.InvokeMethod.evaluate(InvokeMethod.java:17)
	at org.junit.runners.ParentRunner.runLeaf(ParentRunner.java:325)
	at org.junit.runners.BlockJUnit4ClassRunner.runChild(BlockJUnit4ClassRunner.java:78)
	at org.junit.runners.BlockJUnit4ClassRunner.runChild(BlockJUnit4ClassRunner.java:57)
	at org.junit.runners.ParentRunner$3.run(ParentRunner.java:290)
	at org.junit.runners.ParentRunner$1.schedule(ParentRunner.java:71)
	at org.junit.runners.ParentRunner.runChildren(ParentRunner.java:288)
	at org.junit.runners.ParentRunner.access$000(ParentRunner.java:58)
	at org.junit.runners.ParentRunner$2.evaluate(ParentRunner.java:268)
	at org.junit.runners.ParentRunner.run(ParentRunner.java:363)
	at org.apache.maven.surefire.junit4.JUnit4Provider.execute(JUnit4Provider.java:252)
	at org.apache.maven.surefire.junit4.JUnit4Provider.executeTestSet(JUnit4Provider.java:141)
	at org.apache.maven.surefire.junit4.JUnit4Provider.invoke(JUnit4Provider.java:112)
	at sun.reflect.NativeMethodAccessorImpl.invoke0(Native Method)
	at sun.reflect.NativeMethodAccessorImpl.invoke(NativeMethodAccessorImpl.java:62)
	at sun.reflect.DelegatingMethodAccessorImpl.invoke(DelegatingMethodAccessorImpl.java:43)
	at java.lang.reflect.Method.invoke(Method.java:498)
	at org.apache.maven.surefire.util.ReflectionUtils.invokeMethodWithArray(ReflectionUtils.java:189)
	at org.apache.maven.surefire.booter.ProviderFactory$ProviderProxy.invoke(ProviderFactory.java:165)
	at org.apache.maven.surefire.booter.ProviderFactory.invokeProvider(ProviderFactory.java:85)
	at org.apache.maven.surefire.booter.ForkedBooter.runSuitesInProcess(ForkedBooter.java:115)
	at org.apache.maven.surefire.booter.ForkedBooter.main(ForkedBooter.java:75)
Caused by: java.lang.NullPointerException
	at org.apache.ibatis.session.defaults.DefaultSqlSessionFactory.openSessionFromDataSource(DefaultSqlSessionFactory.java:95)
	... 32 more
</error>
    <system-out>[DEBUG] 2018-11-18 18:02:09,523 method:org.apache.ibatis.logging.LogFactory.setImplementation(LogFactory.java:135)
Logging initialized using &apos;class org.apache.ibatis.logging.log4j.Log4jImpl&apos; adapter.
[DEBUG] 2018-11-18 18:02:09,654 method:org.apache.ibatis.io.VFS.getClass(VFS.java:111)
Class not found: org.jboss.vfs.VFS
[DEBUG] 2018-11-18 18:02:09,655 method:org.apache.ibatis.io.JBoss6VFS.setInvalid(JBoss6VFS.java:142)
JBoss 6 VFS API is not available in this environment.
[DEBUG] 2018-11-18 18:02:09,656 method:org.apache.ibatis.io.VFS.getClass(VFS.java:111)
Class not found: org.jboss.vfs.VirtualFile
[DEBUG] 2018-11-18 18:02:09,657 method:org.apache.ibatis.io.VFS$VFSHolder.createVFS(VFS.java:63)
VFS implementation org.apache.ibatis.io.JBoss6VFS is not valid in this environment.
[DEBUG] 2018-11-18 18:02:09,658 method:org.apache.ibatis.io.VFS$VFSHolder.createVFS(VFS.java:77)
Using VFS adapter org.apache.ibatis.io.DefaultVFS
[DEBUG] 2018-11-18 18:02:09,658 method:org.apache.ibatis.io.DefaultVFS.findJarForResource(DefaultVFS.java:222)
Find JAR URL: file:/F:/workspace/2018/new/bwts-dao/target/classes/com/dlri/chinacnr/bwts/entity
[DEBUG] 2018-11-18 18:02:09,659 method:org.apache.ibatis.io.DefaultVFS.findJarForResource(DefaultVFS.java:248)
Not a JAR: file:/F:/workspace/2018/new/bwts-dao/target/classes/com/dlri/chinacnr/bwts/entity
[DEBUG] 2018-11-18 18:02:09,711 method:org.apache.ibatis.io.DefaultVFS.list(DefaultVFS.java:102)
Reader entry: DetectionDetails.class
[DEBUG] 2018-11-18 18:02:09,713 method:org.apache.ibatis.io.DefaultVFS.list(DefaultVFS.java:102)
Reader entry: DetectionRecord.class
[DEBUG] 2018-11-18 18:02:09,714 method:org.apache.ibatis.io.DefaultVFS.list(DefaultVFS.java:102)
Reader entry: DynRecord.class
[DEBUG] 2018-11-18 18:02:09,715 method:org.apache.ibatis.io.DefaultVFS.list(DefaultVFS.java:102)
Reader entry: LoginInfo.class
[DEBUG] 2018-11-18 18:02:09,716 method:org.apache.ibatis.io.DefaultVFS.list(DefaultVFS.java:102)
Reader entry: Page.class
[DEBUG] 2018-11-18 18:02:09,717 method:org.apache.ibatis.io.DefaultVFS.list(DefaultVFS.java:102)
Reader entry: Protocol.class
[DEBUG] 2018-11-18 18:02:09,718 method:org.apache.ibatis.io.DefaultVFS.list(DefaultVFS.java:102)
Reader entry: RecordTotal.class
[DEBUG] 2018-11-18 18:02:09,719 method:org.apache.ibatis.io.DefaultVFS.list(DefaultVFS.java:102)
Reader entry: ScheduleJob.class
[DEBUG] 2018-11-18 18:02:09,722 method:org.apache.ibatis.io.DefaultVFS.list(DefaultVFS.java:102)
Reader entry: Statistical.class
[DEBUG] 2018-11-18 18:02:09,723 method:org.apache.ibatis.io.DefaultVFS.list(DefaultVFS.java:102)
Reader entry: User.class
[DEBUG] 2018-11-18 18:02:09,724 method:org.apache.ibatis.io.DefaultVFS.list(DefaultVFS.java:113)
Listing file:/F:/workspace/2018/new/bwts-dao/target/classes/com/dlri/chinacnr/bwts/entity
[DEBUG] 2018-11-18 18:02:09,725 method:org.apache.ibatis.io.DefaultVFS.findJarForResource(DefaultVFS.java:222)
Find JAR URL: file:/F:/workspace/2018/new/bwts-dao/target/classes/com/dlri/chinacnr/bwts/entity/DetectionDetails.class
[DEBUG] 2018-11-18 18:02:09,726 method:org.apache.ibatis.io.DefaultVFS.findJarForResource(DefaultVFS.java:248)
Not a JAR: file:/F:/workspace/2018/new/bwts-dao/target/classes/com/dlri/chinacnr/bwts/entity/DetectionDetails.class
[DEBUG] 2018-11-18 18:02:09,726 method:org.apache.ibatis.io.DefaultVFS.list(DefaultVFS.java:102)
Reader entry: 漱壕&amp;#0;&amp;#0;&amp;#0;1&amp;#0;?
[DEBUG] 2018-11-18 18:02:09,727 method:org.apache.ibatis.io.DefaultVFS.findJarForResource(DefaultVFS.java:222)
Find JAR URL: file:/F:/workspace/2018/new/bwts-dao/target/classes/com/dlri/chinacnr/bwts/entity/DetectionRecord.class
[DEBUG] 2018-11-18 18:02:09,728 method:org.apache.ibatis.io.DefaultVFS.findJarForResource(DefaultVFS.java:248)
Not a JAR: file:/F:/workspace/2018/new/bwts-dao/target/classes/com/dlri/chinacnr/bwts/entity/DetectionRecord.class
[DEBUG] 2018-11-18 18:02:09,730 method:org.apache.ibatis.io.DefaultVFS.list(DefaultVFS.java:102)
Reader entry: 漱壕&amp;#0;&amp;#0;&amp;#0;1&amp;#0;?
[DEBUG] 2018-11-18 18:02:09,731 method:org.apache.ibatis.io.DefaultVFS.findJarForResource(DefaultVFS.java:222)
Find JAR URL: file:/F:/workspace/2018/new/bwts-dao/target/classes/com/dlri/chinacnr/bwts/entity/DynRecord.class
[DEBUG] 2018-11-18 18:02:09,731 method:org.apache.ibatis.io.DefaultVFS.findJarForResource(DefaultVFS.java:248)
Not a JAR: file:/F:/workspace/2018/new/bwts-dao/target/classes/com/dlri/chinacnr/bwts/entity/DynRecord.class
[DEBUG] 2018-11-18 18:02:09,733 method:org.apache.ibatis.io.DefaultVFS.list(DefaultVFS.java:102)
Reader entry: 漱壕&amp;#0;&amp;#0;&amp;#0;1&amp;#1;&amp;#4;
[DEBUG] 2018-11-18 18:02:09,734 method:org.apache.ibatis.io.DefaultVFS.findJarForResource(DefaultVFS.java:222)
Find JAR URL: file:/F:/workspace/2018/new/bwts-dao/target/classes/com/dlri/chinacnr/bwts/entity/LoginInfo.class
[DEBUG] 2018-11-18 18:02:09,735 method:org.apache.ibatis.io.DefaultVFS.findJarForResource(DefaultVFS.java:248)
Not a JAR: file:/F:/workspace/2018/new/bwts-dao/target/classes/com/dlri/chinacnr/bwts/entity/LoginInfo.class
[DEBUG] 2018-11-18 18:02:09,736 method:org.apache.ibatis.io.DefaultVFS.list(DefaultVFS.java:102)
Reader entry: 漱壕&amp;#0;&amp;#0;&amp;#0;1&amp;#0;6
[DEBUG] 2018-11-18 18:02:09,737 method:org.apache.ibatis.io.DefaultVFS.findJarForResource(DefaultVFS.java:222)
Find JAR URL: file:/F:/workspace/2018/new/bwts-dao/target/classes/com/dlri/chinacnr/bwts/entity/Page.class
[DEBUG] 2018-11-18 18:02:09,738 method:org.apache.ibatis.io.DefaultVFS.findJarForResource(DefaultVFS.java:248)
Not a JAR: file:/F:/workspace/2018/new/bwts-dao/target/classes/com/dlri/chinacnr/bwts/entity/Page.class
[DEBUG] 2018-11-18 18:02:09,739 method:org.apache.ibatis.io.DefaultVFS.list(DefaultVFS.java:102)
Reader entry: 漱壕&amp;#0;&amp;#0;&amp;#0;1&amp;#0;#
[DEBUG] 2018-11-18 18:02:09,744 method:org.apache.ibatis.io.DefaultVFS.findJarForResource(DefaultVFS.java:222)
Find JAR URL: file:/F:/workspace/2018/new/bwts-dao/target/classes/com/dlri/chinacnr/bwts/entity/Protocol.class
[DEBUG] 2018-11-18 18:02:09,744 method:org.apache.ibatis.io.DefaultVFS.findJarForResource(DefaultVFS.java:248)
Not a JAR: file:/F:/workspace/2018/new/bwts-dao/target/classes/com/dlri/chinacnr/bwts/entity/Protocol.class
[DEBUG] 2018-11-18 18:02:09,747 method:org.apache.ibatis.io.DefaultVFS.list(DefaultVFS.java:102)
Reader entry: 漱壕&amp;#0;&amp;#0;&amp;#0;1&amp;#0;V
[DEBUG] 2018-11-18 18:02:09,747 method:org.apache.ibatis.io.DefaultVFS.findJarForResource(DefaultVFS.java:222)
Find JAR URL: file:/F:/workspace/2018/new/bwts-dao/target/classes/com/dlri/chinacnr/bwts/entity/RecordTotal.class
[DEBUG] 2018-11-18 18:02:09,748 method:org.apache.ibatis.io.DefaultVFS.findJarForResource(DefaultVFS.java:248)
Not a JAR: file:/F:/workspace/2018/new/bwts-dao/target/classes/com/dlri/chinacnr/bwts/entity/RecordTotal.class
[DEBUG] 2018-11-18 18:02:09,749 method:org.apache.ibatis.io.DefaultVFS.list(DefaultVFS.java:102)
Reader entry: 漱壕&amp;#0;&amp;#0;&amp;#0;1&amp;#0;&amp;#29;
[DEBUG] 2018-11-18 18:02:09,749 method:org.apache.ibatis.io.DefaultVFS.findJarForResource(DefaultVFS.java:222)
Find JAR URL: file:/F:/workspace/2018/new/bwts-dao/target/classes/com/dlri/chinacnr/bwts/entity/ScheduleJob.class
[DEBUG] 2018-11-18 18:02:09,749 method:org.apache.ibatis.io.DefaultVFS.findJarForResource(DefaultVFS.java:248)
Not a JAR: file:/F:/workspace/2018/new/bwts-dao/target/classes/com/dlri/chinacnr/bwts/entity/ScheduleJob.class
[DEBUG] 2018-11-18 18:02:09,750 method:org.apache.ibatis.io.DefaultVFS.list(DefaultVFS.java:102)
Reader entry: 漱壕&amp;#0;&amp;#0;&amp;#0;1&amp;#0;J
[DEBUG] 2018-11-18 18:02:09,751 method:org.apache.ibatis.io.DefaultVFS.findJarForResource(DefaultVFS.java:222)
Find JAR URL: file:/F:/workspace/2018/new/bwts-dao/target/classes/com/dlri/chinacnr/bwts/entity/Statistical.class
[DEBUG] 2018-11-18 18:02:09,751 method:org.apache.ibatis.io.DefaultVFS.findJarForResource(DefaultVFS.java:248)
Not a JAR: file:/F:/workspace/2018/new/bwts-dao/target/classes/com/dlri/chinacnr/bwts/entity/Statistical.class
[DEBUG] 2018-11-18 18:02:09,752 method:org.apache.ibatis.io.DefaultVFS.list(DefaultVFS.java:102)
Reader entry: 漱壕&amp;#0;&amp;#0;&amp;#0;1&amp;#0;(
[DEBUG] 2018-11-18 18:02:09,753 method:org.apache.ibatis.io.DefaultVFS.findJarForResource(DefaultVFS.java:222)
Find JAR URL: file:/F:/workspace/2018/new/bwts-dao/target/classes/com/dlri/chinacnr/bwts/entity/User.class
[DEBUG] 2018-11-18 18:02:09,754 method:org.apache.ibatis.io.DefaultVFS.findJarForResource(DefaultVFS.java:248)
Not a JAR: file:/F:/workspace/2018/new/bwts-dao/target/classes/com/dlri/chinacnr/bwts/entity/User.class
[DEBUG] 2018-11-18 18:02:09,755 method:org.apache.ibatis.io.DefaultVFS.list(DefaultVFS.java:102)
Reader entry: 漱壕&amp;#0;&amp;#0;&amp;#0;1&amp;#0;_
[DEBUG] 2018-11-18 18:02:09,755 method:org.apache.ibatis.io.ResolverUtil.addIfMatching(ResolverUtil.java:256)
Checking to see if class com.dlri.chinacnr.bwts.entity.DetectionDetails matches criteria [is assignable to Object]
[DEBUG] 2018-11-18 18:02:09,756 method:org.apache.ibatis.io.ResolverUtil.addIfMatching(ResolverUtil.java:256)
Checking to see if class com.dlri.chinacnr.bwts.entity.DetectionRecord matches criteria [is assignable to Object]
[DEBUG] 2018-11-18 18:02:09,757 method:org.apache.ibatis.io.ResolverUtil.addIfMatching(ResolverUtil.java:256)
Checking to see if class com.dlri.chinacnr.bwts.entity.DynRecord matches criteria [is assignable to Object]
[DEBUG] 2018-11-18 18:02:09,758 method:org.apache.ibatis.io.ResolverUtil.addIfMatching(ResolverUtil.java:256)
Checking to see if class com.dlri.chinacnr.bwts.entity.LoginInfo matches criteria [is assignable to Object]
[DEBUG] 2018-11-18 18:02:09,759 method:org.apache.ibatis.io.ResolverUtil.addIfMatching(ResolverUtil.java:256)
Checking to see if class com.dlri.chinacnr.bwts.entity.Page matches criteria [is assignable to Object]
[DEBUG] 2018-11-18 18:02:09,760 method:org.apache.ibatis.io.ResolverUtil.addIfMatching(ResolverUtil.java:256)
Checking to see if class com.dlri.chinacnr.bwts.entity.Protocol matches criteria [is assignable to Object]
[DEBUG] 2018-11-18 18:02:09,761 method:org.apache.ibatis.io.ResolverUtil.addIfMatching(ResolverUtil.java:256)
Checking to see if class com.dlri.chinacnr.bwts.entity.RecordTotal matches criteria [is assignable to Object]
[DEBUG] 2018-11-18 18:02:09,762 method:org.apache.ibatis.io.ResolverUtil.addIfMatching(ResolverUtil.java:256)
Checking to see if class com.dlri.chinacnr.bwts.entity.ScheduleJob matches criteria [is assignable to Object]
[DEBUG] 2018-11-18 18:02:09,763 method:org.apache.ibatis.io.ResolverUtil.addIfMatching(ResolverUtil.java:256)
Checking to see if class com.dlri.chinacnr.bwts.entity.Statistical matches criteria [is assignable to Object]
[DEBUG] 2018-11-18 18:02:09,764 method:org.apache.ibatis.io.ResolverUtil.addIfMatching(ResolverUtil.java:256)
Checking to see if class com.dlri.chinacnr.bwts.entity.User matches criteria [is assignable to Object]
Logging initialized using &apos;class org.apache.ibatis.logging.stdout.StdOutImpl&apos; adapter.
</system-out>
  </testcase>
  <testcase classname="com.dlri.chinacnr.bwts.dao.detectionDetailsDaoTest" name="testInsertOneDetectionDetails" time="0.058">
    <error message="
### Error opening session.  Cause: java.lang.NullPointerException
### Cause: java.lang.NullPointerException" type="org.apache.ibatis.exceptions.PersistenceException">org.apache.ibatis.exceptions.PersistenceException: 
### Error opening session.  Cause: java.lang.NullPointerException
### Cause: java.lang.NullPointerException
	at org.apache.ibatis.exceptions.ExceptionFactory.wrapException(ExceptionFactory.java:30)
	at org.apache.ibatis.session.defaults.DefaultSqlSessionFactory.openSessionFromDataSource(DefaultSqlSessionFactory.java:100)
	at org.apache.ibatis.session.defaults.DefaultSqlSessionFactory.openSession(DefaultSqlSessionFactory.java:47)
	at com.dlri.chinacnr.bwts.utils.MybatisUtils.getSqlSession(MybatisUtils.java:20)
	at com.dlri.chinacnr.bwts.dao.impl.DetectionDetailsDaoImpl.insertOneDetectionDetails(DetectionDetailsDaoImpl.java:33)
	at com.dlri.chinacnr.bwts.dao.detectionDetailsDaoTest.testInsertOneDetectionDetails(detectionDetailsDaoTest.java:33)
	at sun.reflect.NativeMethodAccessorImpl.invoke0(Native Method)
	at sun.reflect.NativeMethodAccessorImpl.invoke(NativeMethodAccessorImpl.java:62)
	at sun.reflect.DelegatingMethodAccessorImpl.invoke(DelegatingMethodAccessorImpl.java:43)
	at java.lang.reflect.Method.invoke(Method.java:498)
	at org.junit.runners.model.FrameworkMethod$1.runReflectiveCall(FrameworkMethod.java:50)
	at org.junit.internal.runners.model.ReflectiveCallable.run(ReflectiveCallable.java:12)
	at org.junit.runners.model.FrameworkMethod.invokeExplosively(FrameworkMethod.java:47)
	at org.junit.internal.runners.statements.InvokeMethod.evaluate(InvokeMethod.java:17)
	at org.junit.runners.ParentRunner.runLeaf(ParentRunner.java:325)
	at org.junit.runners.BlockJUnit4ClassRunner.runChild(BlockJUnit4ClassRunner.java:78)
	at org.junit.runners.BlockJUnit4ClassRunner.runChild(BlockJUnit4ClassRunner.java:57)
	at org.junit.runners.ParentRunner$3.run(ParentRunner.java:290)
	at org.junit.runners.ParentRunner$1.schedule(ParentRunner.java:71)
	at org.junit.runners.ParentRunner.runChildren(ParentRunner.java:288)
	at org.junit.runners.ParentRunner.access$000(ParentRunner.java:58)
	at org.junit.runners.ParentRunner$2.evaluate(ParentRunner.java:268)
	at org.junit.runners.ParentRunner.run(ParentRunner.java:363)
	at org.apache.maven.surefire.junit4.JUnit4Provider.execute(JUnit4Provider.java:252)
	at org.apache.maven.surefire.junit4.JUnit4Provider.executeTestSet(JUnit4Provider.java:141)
	at org.apache.maven.surefire.junit4.JUnit4Provider.invoke(JUnit4Provider.java:112)
	at sun.reflect.NativeMethodAccessorImpl.invoke0(Native Method)
	at sun.reflect.NativeMethodAccessorImpl.invoke(NativeMethodAccessorImpl.java:62)
	at sun.reflect.DelegatingMethodAccessorImpl.invoke(DelegatingMethodAccessorImpl.java:43)
	at java.lang.reflect.Method.invoke(Method.java:498)
	at org.apache.maven.surefire.util.ReflectionUtils.invokeMethodWithArray(ReflectionUtils.java:189)
	at org.apache.maven.surefire.booter.ProviderFactory$ProviderProxy.invoke(ProviderFactory.java:165)
	at org.apache.maven.surefire.booter.ProviderFactory.invokeProvider(ProviderFactory.java:85)
	at org.apache.maven.surefire.booter.ForkedBooter.runSuitesInProcess(ForkedBooter.java:115)
	at org.apache.maven.surefire.booter.ForkedBooter.main(ForkedBooter.java:75)
Caused by: java.lang.NullPointerException
	at org.apache.ibatis.session.defaults.DefaultSqlSessionFactory.openSessionFromDataSource(DefaultSqlSessionFactory.java:95)
	... 33 more
</error>
    <system-out>[DEBUG] 2018-11-18 18:02:09,794 method:org.apache.ibatis.io.DefaultVFS.findJarForResource(DefaultVFS.java:222)
Find JAR URL: file:/F:/workspace/2018/new/bwts-dao/target/classes/com/dlri/chinacnr/bwts/entity
[DEBUG] 2018-11-18 18:02:09,794 method:org.apache.ibatis.io.DefaultVFS.findJarForResource(DefaultVFS.java:248)
Not a JAR: file:/F:/workspace/2018/new/bwts-dao/target/classes/com/dlri/chinacnr/bwts/entity
[DEBUG] 2018-11-18 18:02:09,795 method:org.apache.ibatis.io.DefaultVFS.list(DefaultVFS.java:102)
Reader entry: DetectionDetails.class
[DEBUG] 2018-11-18 18:02:09,796 method:org.apache.ibatis.io.DefaultVFS.list(DefaultVFS.java:102)
Reader entry: DetectionRecord.class
[DEBUG] 2018-11-18 18:02:09,796 method:org.apache.ibatis.io.DefaultVFS.list(DefaultVFS.java:102)
Reader entry: DynRecord.class
[DEBUG] 2018-11-18 18:02:09,797 method:org.apache.ibatis.io.DefaultVFS.list(DefaultVFS.java:102)
Reader entry: LoginInfo.class
[DEBUG] 2018-11-18 18:02:09,798 method:org.apache.ibatis.io.DefaultVFS.list(DefaultVFS.java:102)
Reader entry: Page.class
[DEBUG] 2018-11-18 18:02:09,798 method:org.apache.ibatis.io.DefaultVFS.list(DefaultVFS.java:102)
Reader entry: Protocol.class
[DEBUG] 2018-11-18 18:02:09,799 method:org.apache.ibatis.io.DefaultVFS.list(DefaultVFS.java:102)
Reader entry: RecordTotal.class
[DEBUG] 2018-11-18 18:02:09,800 method:org.apache.ibatis.io.DefaultVFS.list(DefaultVFS.java:102)
Reader entry: ScheduleJob.class
[DEBUG] 2018-11-18 18:02:09,800 method:org.apache.ibatis.io.DefaultVFS.list(DefaultVFS.java:102)
Reader entry: Statistical.class
[DEBUG] 2018-11-18 18:02:09,800 method:org.apache.ibatis.io.DefaultVFS.list(DefaultVFS.java:102)
Reader entry: User.class
[DEBUG] 2018-11-18 18:02:09,804 method:org.apache.ibatis.io.DefaultVFS.list(DefaultVFS.java:113)
Listing file:/F:/workspace/2018/new/bwts-dao/target/classes/com/dlri/chinacnr/bwts/entity
[DEBUG] 2018-11-18 18:02:09,805 method:org.apache.ibatis.io.DefaultVFS.findJarForResource(DefaultVFS.java:222)
Find JAR URL: file:/F:/workspace/2018/new/bwts-dao/target/classes/com/dlri/chinacnr/bwts/entity/DetectionDetails.class
[DEBUG] 2018-11-18 18:02:09,805 method:org.apache.ibatis.io.DefaultVFS.findJarForResource(DefaultVFS.java:248)
Not a JAR: file:/F:/workspace/2018/new/bwts-dao/target/classes/com/dlri/chinacnr/bwts/entity/DetectionDetails.class
[DEBUG] 2018-11-18 18:02:09,806 method:org.apache.ibatis.io.DefaultVFS.list(DefaultVFS.java:102)
Reader entry: 漱壕&amp;#0;&amp;#0;&amp;#0;1&amp;#0;?
[DEBUG] 2018-11-18 18:02:09,808 method:org.apache.ibatis.io.DefaultVFS.findJarForResource(DefaultVFS.java:222)
Find JAR URL: file:/F:/workspace/2018/new/bwts-dao/target/classes/com/dlri/chinacnr/bwts/entity/DetectionRecord.class
[DEBUG] 2018-11-18 18:02:09,809 method:org.apache.ibatis.io.DefaultVFS.findJarForResource(DefaultVFS.java:248)
Not a JAR: file:/F:/workspace/2018/new/bwts-dao/target/classes/com/dlri/chinacnr/bwts/entity/DetectionRecord.class
[DEBUG] 2018-11-18 18:02:09,810 method:org.apache.ibatis.io.DefaultVFS.list(DefaultVFS.java:102)
Reader entry: 漱壕&amp;#0;&amp;#0;&amp;#0;1&amp;#0;?
[DEBUG] 2018-11-18 18:02:09,811 method:org.apache.ibatis.io.DefaultVFS.findJarForResource(DefaultVFS.java:222)
Find JAR URL: file:/F:/workspace/2018/new/bwts-dao/target/classes/com/dlri/chinacnr/bwts/entity/DynRecord.class
[DEBUG] 2018-11-18 18:02:09,812 method:org.apache.ibatis.io.DefaultVFS.findJarForResource(DefaultVFS.java:248)
Not a JAR: file:/F:/workspace/2018/new/bwts-dao/target/classes/com/dlri/chinacnr/bwts/entity/DynRecord.class
[DEBUG] 2018-11-18 18:02:09,814 method:org.apache.ibatis.io.DefaultVFS.list(DefaultVFS.java:102)
Reader entry: 漱壕&amp;#0;&amp;#0;&amp;#0;1&amp;#1;&amp;#4;
[DEBUG] 2018-11-18 18:02:09,815 method:org.apache.ibatis.io.DefaultVFS.findJarForResource(DefaultVFS.java:222)
Find JAR URL: file:/F:/workspace/2018/new/bwts-dao/target/classes/com/dlri/chinacnr/bwts/entity/LoginInfo.class
[DEBUG] 2018-11-18 18:02:09,816 method:org.apache.ibatis.io.DefaultVFS.findJarForResource(DefaultVFS.java:248)
Not a JAR: file:/F:/workspace/2018/new/bwts-dao/target/classes/com/dlri/chinacnr/bwts/entity/LoginInfo.class
[DEBUG] 2018-11-18 18:02:09,817 method:org.apache.ibatis.io.DefaultVFS.list(DefaultVFS.java:102)
Reader entry: 漱壕&amp;#0;&amp;#0;&amp;#0;1&amp;#0;6
[DEBUG] 2018-11-18 18:02:09,818 method:org.apache.ibatis.io.DefaultVFS.findJarForResource(DefaultVFS.java:222)
Find JAR URL: file:/F:/workspace/2018/new/bwts-dao/target/classes/com/dlri/chinacnr/bwts/entity/Page.class
[DEBUG] 2018-11-18 18:02:09,819 method:org.apache.ibatis.io.DefaultVFS.findJarForResource(DefaultVFS.java:248)
Not a JAR: file:/F:/workspace/2018/new/bwts-dao/target/classes/com/dlri/chinacnr/bwts/entity/Page.class
[DEBUG] 2018-11-18 18:02:09,820 method:org.apache.ibatis.io.DefaultVFS.list(DefaultVFS.java:102)
Reader entry: 漱壕&amp;#0;&amp;#0;&amp;#0;1&amp;#0;#
[DEBUG] 2018-11-18 18:02:09,822 method:org.apache.ibatis.io.DefaultVFS.findJarForResource(DefaultVFS.java:222)
Find JAR URL: file:/F:/workspace/2018/new/bwts-dao/target/classes/com/dlri/chinacnr/bwts/entity/Protocol.class
[DEBUG] 2018-11-18 18:02:09,823 method:org.apache.ibatis.io.DefaultVFS.findJarForResource(DefaultVFS.java:248)
Not a JAR: file:/F:/workspace/2018/new/bwts-dao/target/classes/com/dlri/chinacnr/bwts/entity/Protocol.class
[DEBUG] 2018-11-18 18:02:09,824 method:org.apache.ibatis.io.DefaultVFS.list(DefaultVFS.java:102)
Reader entry: 漱壕&amp;#0;&amp;#0;&amp;#0;1&amp;#0;V
[DEBUG] 2018-11-18 18:02:09,824 method:org.apache.ibatis.io.DefaultVFS.findJarForResource(DefaultVFS.java:222)
Find JAR URL: file:/F:/workspace/2018/new/bwts-dao/target/classes/com/dlri/chinacnr/bwts/entity/RecordTotal.class
[DEBUG] 2018-11-18 18:02:09,825 method:org.apache.ibatis.io.DefaultVFS.findJarForResource(DefaultVFS.java:248)
Not a JAR: file:/F:/workspace/2018/new/bwts-dao/target/classes/com/dlri/chinacnr/bwts/entity/RecordTotal.class
[DEBUG] 2018-11-18 18:02:09,826 method:org.apache.ibatis.io.DefaultVFS.list(DefaultVFS.java:102)
Reader entry: 漱壕&amp;#0;&amp;#0;&amp;#0;1&amp;#0;&amp;#29;
[DEBUG] 2018-11-18 18:02:09,826 method:org.apache.ibatis.io.DefaultVFS.findJarForResource(DefaultVFS.java:222)
Find JAR URL: file:/F:/workspace/2018/new/bwts-dao/target/classes/com/dlri/chinacnr/bwts/entity/ScheduleJob.class
[DEBUG] 2018-11-18 18:02:09,827 method:org.apache.ibatis.io.DefaultVFS.findJarForResource(DefaultVFS.java:248)
Not a JAR: file:/F:/workspace/2018/new/bwts-dao/target/classes/com/dlri/chinacnr/bwts/entity/ScheduleJob.class
[DEBUG] 2018-11-18 18:02:09,828 method:org.apache.ibatis.io.DefaultVFS.list(DefaultVFS.java:102)
Reader entry: 漱壕&amp;#0;&amp;#0;&amp;#0;1&amp;#0;J
[DEBUG] 2018-11-18 18:02:09,828 method:org.apache.ibatis.io.DefaultVFS.findJarForResource(DefaultVFS.java:222)
Find JAR URL: file:/F:/workspace/2018/new/bwts-dao/target/classes/com/dlri/chinacnr/bwts/entity/Statistical.class
[DEBUG] 2018-11-18 18:02:09,830 method:org.apache.ibatis.io.DefaultVFS.findJarForResource(DefaultVFS.java:248)
Not a JAR: file:/F:/workspace/2018/new/bwts-dao/target/classes/com/dlri/chinacnr/bwts/entity/Statistical.class
[DEBUG] 2018-11-18 18:02:09,831 method:org.apache.ibatis.io.DefaultVFS.list(DefaultVFS.java:102)
Reader entry: 漱壕&amp;#0;&amp;#0;&amp;#0;1&amp;#0;(
[DEBUG] 2018-11-18 18:02:09,831 method:org.apache.ibatis.io.DefaultVFS.findJarForResource(DefaultVFS.java:222)
Find JAR URL: file:/F:/workspace/2018/new/bwts-dao/target/classes/com/dlri/chinacnr/bwts/entity/User.class
[DEBUG] 2018-11-18 18:02:09,832 method:org.apache.ibatis.io.DefaultVFS.findJarForResource(DefaultVFS.java:248)
Not a JAR: file:/F:/workspace/2018/new/bwts-dao/target/classes/com/dlri/chinacnr/bwts/entity/User.class
[DEBUG] 2018-11-18 18:02:09,832 method:org.apache.ibatis.io.DefaultVFS.list(DefaultVFS.java:102)
Reader entry: 漱壕&amp;#0;&amp;#0;&amp;#0;1&amp;#0;_
[DEBUG] 2018-11-18 18:02:09,833 method:org.apache.ibatis.io.ResolverUtil.addIfMatching(ResolverUtil.java:256)
Checking to see if class com.dlri.chinacnr.bwts.entity.DetectionDetails matches criteria [is assignable to Object]
[DEBUG] 2018-11-18 18:02:09,834 method:org.apache.ibatis.io.ResolverUtil.addIfMatching(ResolverUtil.java:256)
Checking to see if class com.dlri.chinacnr.bwts.entity.DetectionRecord matches criteria [is assignable to Object]
[DEBUG] 2018-11-18 18:02:09,834 method:org.apache.ibatis.io.ResolverUtil.addIfMatching(ResolverUtil.java:256)
Checking to see if class com.dlri.chinacnr.bwts.entity.DynRecord matches criteria [is assignable to Object]
[DEBUG] 2018-11-18 18:02:09,834 method:org.apache.ibatis.io.ResolverUtil.addIfMatching(ResolverUtil.java:256)
Checking to see if class com.dlri.chinacnr.bwts.entity.LoginInfo matches criteria [is assignable to Object]
[DEBUG] 2018-11-18 18:02:09,835 method:org.apache.ibatis.io.ResolverUtil.addIfMatching(ResolverUtil.java:256)
Checking to see if class com.dlri.chinacnr.bwts.entity.Page matches criteria [is assignable to Object]
[DEBUG] 2018-11-18 18:02:09,835 method:org.apache.ibatis.io.ResolverUtil.addIfMatching(ResolverUtil.java:256)
Checking to see if class com.dlri.chinacnr.bwts.entity.Protocol matches criteria [is assignable to Object]
[DEBUG] 2018-11-18 18:02:09,835 method:org.apache.ibatis.io.ResolverUtil.addIfMatching(ResolverUtil.java:256)
Checking to see if class com.dlri.chinacnr.bwts.entity.RecordTotal matches criteria [is assignable to Object]
[DEBUG] 2018-11-18 18:02:09,836 method:org.apache.ibatis.io.ResolverUtil.addIfMatching(ResolverUtil.java:256)
Checking to see if class com.dlri.chinacnr.bwts.entity.ScheduleJob matches criteria [is assignable to Object]
[DEBUG] 2018-11-18 18:02:09,836 method:org.apache.ibatis.io.ResolverUtil.addIfMatching(ResolverUtil.java:256)
Checking to see if class com.dlri.chinacnr.bwts.entity.Statistical matches criteria [is assignable to Object]
[DEBUG] 2018-11-18 18:02:09,837 method:org.apache.ibatis.io.ResolverUtil.addIfMatching(ResolverUtil.java:256)
Checking to see if class com.dlri.chinacnr.bwts.entity.User matches criteria [is assignable to Object]
Logging initialized using &apos;class org.apache.ibatis.logging.stdout.StdOutImpl&apos; adapter.
</system-out>
  </testcase>
  <testcase classname="com.dlri.chinacnr.bwts.dao.detectionDetailsDaoTest" name="testQueryOneDetectionDetails" time="0.066">
    <error message="
### Error opening session.  Cause: java.lang.NullPointerException
### Cause: java.lang.NullPointerException" type="org.apache.ibatis.exceptions.PersistenceException">org.apache.ibatis.exceptions.PersistenceException: 
### Error opening session.  Cause: java.lang.NullPointerException
### Cause: java.lang.NullPointerException
	at org.apache.ibatis.exceptions.ExceptionFactory.wrapException(ExceptionFactory.java:30)
	at org.apache.ibatis.session.defaults.DefaultSqlSessionFactory.openSessionFromDataSource(DefaultSqlSessionFactory.java:100)
	at org.apache.ibatis.session.defaults.DefaultSqlSessionFactory.openSession(DefaultSqlSessionFactory.java:47)
	at com.dlri.chinacnr.bwts.utils.MybatisUtils.getSqlSession(MybatisUtils.java:20)
	at com.dlri.chinacnr.bwts.dao.impl.DetectionDetailsDaoImpl.queryOneDetectionDetails(DetectionDetailsDaoImpl.java:18)
	at com.dlri.chinacnr.bwts.dao.detectionDetailsDaoTest.testQueryOneDetectionDetails(detectionDetailsDaoTest.java:81)
	at sun.reflect.NativeMethodAccessorImpl.invoke0(Native Method)
	at sun.reflect.NativeMethodAccessorImpl.invoke(NativeMethodAccessorImpl.java:62)
	at sun.reflect.DelegatingMethodAccessorImpl.invoke(DelegatingMethodAccessorImpl.java:43)
	at java.lang.reflect.Method.invoke(Method.java:498)
	at org.junit.runners.model.FrameworkMethod$1.runReflectiveCall(FrameworkMethod.java:50)
	at org.junit.internal.runners.model.ReflectiveCallable.run(ReflectiveCallable.java:12)
	at org.junit.runners.model.FrameworkMethod.invokeExplosively(FrameworkMethod.java:47)
	at org.junit.internal.runners.statements.InvokeMethod.evaluate(InvokeMethod.java:17)
	at org.junit.runners.ParentRunner.runLeaf(ParentRunner.java:325)
	at org.junit.runners.BlockJUnit4ClassRunner.runChild(BlockJUnit4ClassRunner.java:78)
	at org.junit.runners.BlockJUnit4ClassRunner.runChild(BlockJUnit4ClassRunner.java:57)
	at org.junit.runners.ParentRunner$3.run(ParentRunner.java:290)
	at org.junit.runners.ParentRunner$1.schedule(ParentRunner.java:71)
	at org.junit.runners.ParentRunner.runChildren(ParentRunner.java:288)
	at org.junit.runners.ParentRunner.access$000(ParentRunner.java:58)
	at org.junit.runners.ParentRunner$2.evaluate(ParentRunner.java:268)
	at org.junit.runners.ParentRunner.run(ParentRunner.java:363)
	at org.apache.maven.surefire.junit4.JUnit4Provider.execute(JUnit4Provider.java:252)
	at org.apache.maven.surefire.junit4.JUnit4Provider.executeTestSet(JUnit4Provider.java:141)
	at org.apache.maven.surefire.junit4.JUnit4Provider.invoke(JUnit4Provider.java:112)
	at sun.reflect.NativeMethodAccessorImpl.invoke0(Native Method)
	at sun.reflect.NativeMethodAccessorImpl.invoke(NativeMethodAccessorImpl.java:62)
	at sun.reflect.DelegatingMethodAccessorImpl.invoke(DelegatingMethodAccessorImpl.java:43)
	at java.lang.reflect.Method.invoke(Method.java:498)
	at org.apache.maven.surefire.util.ReflectionUtils.invokeMethodWithArray(ReflectionUtils.java:189)
	at org.apache.maven.surefire.booter.ProviderFactory$ProviderProxy.invoke(ProviderFactory.java:165)
	at org.apache.maven.surefire.booter.ProviderFactory.invokeProvider(ProviderFactory.java:85)
	at org.apache.maven.surefire.booter.ForkedBooter.runSuitesInProcess(ForkedBooter.java:115)
	at org.apache.maven.surefire.booter.ForkedBooter.main(ForkedBooter.java:75)
Caused by: java.lang.NullPointerException
	at org.apache.ibatis.session.defaults.DefaultSqlSessionFactory.openSessionFromDataSource(DefaultSqlSessionFactory.java:95)
	... 33 more
</error>
    <system-out>[DEBUG] 2018-11-18 18:02:09,861 method:org.apache.ibatis.io.DefaultVFS.findJarForResource(DefaultVFS.java:222)
Find JAR URL: file:/F:/workspace/2018/new/bwts-dao/target/classes/com/dlri/chinacnr/bwts/entity
[DEBUG] 2018-11-18 18:02:09,862 method:org.apache.ibatis.io.DefaultVFS.findJarForResource(DefaultVFS.java:248)
Not a JAR: file:/F:/workspace/2018/new/bwts-dao/target/classes/com/dlri/chinacnr/bwts/entity
[DEBUG] 2018-11-18 18:02:09,865 method:org.apache.ibatis.io.DefaultVFS.list(DefaultVFS.java:102)
Reader entry: DetectionDetails.class
[DEBUG] 2018-11-18 18:02:09,866 method:org.apache.ibatis.io.DefaultVFS.list(DefaultVFS.java:102)
Reader entry: DetectionRecord.class
[DEBUG] 2018-11-18 18:02:09,867 method:org.apache.ibatis.io.DefaultVFS.list(DefaultVFS.java:102)
Reader entry: DynRecord.class
[DEBUG] 2018-11-18 18:02:09,868 method:org.apache.ibatis.io.DefaultVFS.list(DefaultVFS.java:102)
Reader entry: LoginInfo.class
[DEBUG] 2018-11-18 18:02:09,868 method:org.apache.ibatis.io.DefaultVFS.list(DefaultVFS.java:102)
Reader entry: Page.class
[DEBUG] 2018-11-18 18:02:09,869 method:org.apache.ibatis.io.DefaultVFS.list(DefaultVFS.java:102)
Reader entry: Protocol.class
[DEBUG] 2018-11-18 18:02:09,870 method:org.apache.ibatis.io.DefaultVFS.list(DefaultVFS.java:102)
Reader entry: RecordTotal.class
[DEBUG] 2018-11-18 18:02:09,871 method:org.apache.ibatis.io.DefaultVFS.list(DefaultVFS.java:102)
Reader entry: ScheduleJob.class
[DEBUG] 2018-11-18 18:02:09,873 method:org.apache.ibatis.io.DefaultVFS.list(DefaultVFS.java:102)
Reader entry: Statistical.class
[DEBUG] 2018-11-18 18:02:09,873 method:org.apache.ibatis.io.DefaultVFS.list(DefaultVFS.java:102)
Reader entry: User.class
[DEBUG] 2018-11-18 18:02:09,874 method:org.apache.ibatis.io.DefaultVFS.list(DefaultVFS.java:113)
Listing file:/F:/workspace/2018/new/bwts-dao/target/classes/com/dlri/chinacnr/bwts/entity
[DEBUG] 2018-11-18 18:02:09,875 method:org.apache.ibatis.io.DefaultVFS.findJarForResource(DefaultVFS.java:222)
Find JAR URL: file:/F:/workspace/2018/new/bwts-dao/target/classes/com/dlri/chinacnr/bwts/entity/DetectionDetails.class
[DEBUG] 2018-11-18 18:02:09,875 method:org.apache.ibatis.io.DefaultVFS.findJarForResource(DefaultVFS.java:248)
Not a JAR: file:/F:/workspace/2018/new/bwts-dao/target/classes/com/dlri/chinacnr/bwts/entity/DetectionDetails.class
[DEBUG] 2018-11-18 18:02:09,876 method:org.apache.ibatis.io.DefaultVFS.list(DefaultVFS.java:102)
Reader entry: 漱壕&amp;#0;&amp;#0;&amp;#0;1&amp;#0;?
[DEBUG] 2018-11-18 18:02:09,877 method:org.apache.ibatis.io.DefaultVFS.findJarForResource(DefaultVFS.java:222)
Find JAR URL: file:/F:/workspace/2018/new/bwts-dao/target/classes/com/dlri/chinacnr/bwts/entity/DetectionRecord.class
[DEBUG] 2018-11-18 18:02:09,877 method:org.apache.ibatis.io.DefaultVFS.findJarForResource(DefaultVFS.java:248)
Not a JAR: file:/F:/workspace/2018/new/bwts-dao/target/classes/com/dlri/chinacnr/bwts/entity/DetectionRecord.class
[DEBUG] 2018-11-18 18:02:09,878 method:org.apache.ibatis.io.DefaultVFS.list(DefaultVFS.java:102)
Reader entry: 漱壕&amp;#0;&amp;#0;&amp;#0;1&amp;#0;?
[DEBUG] 2018-11-18 18:02:09,878 method:org.apache.ibatis.io.DefaultVFS.findJarForResource(DefaultVFS.java:222)
Find JAR URL: file:/F:/workspace/2018/new/bwts-dao/target/classes/com/dlri/chinacnr/bwts/entity/DynRecord.class
[DEBUG] 2018-11-18 18:02:09,878 method:org.apache.ibatis.io.DefaultVFS.findJarForResource(DefaultVFS.java:248)
Not a JAR: file:/F:/workspace/2018/new/bwts-dao/target/classes/com/dlri/chinacnr/bwts/entity/DynRecord.class
[DEBUG] 2018-11-18 18:02:09,879 method:org.apache.ibatis.io.DefaultVFS.list(DefaultVFS.java:102)
Reader entry: 漱壕&amp;#0;&amp;#0;&amp;#0;1&amp;#1;&amp;#4;
[DEBUG] 2018-11-18 18:02:09,879 method:org.apache.ibatis.io.DefaultVFS.findJarForResource(DefaultVFS.java:222)
Find JAR URL: file:/F:/workspace/2018/new/bwts-dao/target/classes/com/dlri/chinacnr/bwts/entity/LoginInfo.class
[DEBUG] 2018-11-18 18:02:09,880 method:org.apache.ibatis.io.DefaultVFS.findJarForResource(DefaultVFS.java:248)
Not a JAR: file:/F:/workspace/2018/new/bwts-dao/target/classes/com/dlri/chinacnr/bwts/entity/LoginInfo.class
[DEBUG] 2018-11-18 18:02:09,881 method:org.apache.ibatis.io.DefaultVFS.list(DefaultVFS.java:102)
Reader entry: 漱壕&amp;#0;&amp;#0;&amp;#0;1&amp;#0;6
[DEBUG] 2018-11-18 18:02:09,881 method:org.apache.ibatis.io.DefaultVFS.findJarForResource(DefaultVFS.java:222)
Find JAR URL: file:/F:/workspace/2018/new/bwts-dao/target/classes/com/dlri/chinacnr/bwts/entity/Page.class
[DEBUG] 2018-11-18 18:02:09,882 method:org.apache.ibatis.io.DefaultVFS.findJarForResource(DefaultVFS.java:248)
Not a JAR: file:/F:/workspace/2018/new/bwts-dao/target/classes/com/dlri/chinacnr/bwts/entity/Page.class
[DEBUG] 2018-11-18 18:02:09,883 method:org.apache.ibatis.io.DefaultVFS.list(DefaultVFS.java:102)
Reader entry: 漱壕&amp;#0;&amp;#0;&amp;#0;1&amp;#0;#
[DEBUG] 2018-11-18 18:02:09,883 method:org.apache.ibatis.io.DefaultVFS.findJarForResource(DefaultVFS.java:222)
Find JAR URL: file:/F:/workspace/2018/new/bwts-dao/target/classes/com/dlri/chinacnr/bwts/entity/Protocol.class
[DEBUG] 2018-11-18 18:02:09,884 method:org.apache.ibatis.io.DefaultVFS.findJarForResource(DefaultVFS.java:248)
Not a JAR: file:/F:/workspace/2018/new/bwts-dao/target/classes/com/dlri/chinacnr/bwts/entity/Protocol.class
[DEBUG] 2018-11-18 18:02:09,884 method:org.apache.ibatis.io.DefaultVFS.list(DefaultVFS.java:102)
Reader entry: 漱壕&amp;#0;&amp;#0;&amp;#0;1&amp;#0;V
[DEBUG] 2018-11-18 18:02:09,885 method:org.apache.ibatis.io.DefaultVFS.findJarForResource(DefaultVFS.java:222)
Find JAR URL: file:/F:/workspace/2018/new/bwts-dao/target/classes/com/dlri/chinacnr/bwts/entity/RecordTotal.class
[DEBUG] 2018-11-18 18:02:09,885 method:org.apache.ibatis.io.DefaultVFS.findJarForResource(DefaultVFS.java:248)
Not a JAR: file:/F:/workspace/2018/new/bwts-dao/target/classes/com/dlri/chinacnr/bwts/entity/RecordTotal.class
[DEBUG] 2018-11-18 18:02:09,886 method:org.apache.ibatis.io.DefaultVFS.list(DefaultVFS.java:102)
Reader entry: 漱壕&amp;#0;&amp;#0;&amp;#0;1&amp;#0;&amp;#29;
[DEBUG] 2018-11-18 18:02:09,886 method:org.apache.ibatis.io.DefaultVFS.findJarForResource(DefaultVFS.java:222)
Find JAR URL: file:/F:/workspace/2018/new/bwts-dao/target/classes/com/dlri/chinacnr/bwts/entity/ScheduleJob.class
[DEBUG] 2018-11-18 18:02:09,887 method:org.apache.ibatis.io.DefaultVFS.findJarForResource(DefaultVFS.java:248)
Not a JAR: file:/F:/workspace/2018/new/bwts-dao/target/classes/com/dlri/chinacnr/bwts/entity/ScheduleJob.class
[DEBUG] 2018-11-18 18:02:09,888 method:org.apache.ibatis.io.DefaultVFS.list(DefaultVFS.java:102)
Reader entry: 漱壕&amp;#0;&amp;#0;&amp;#0;1&amp;#0;J
[DEBUG] 2018-11-18 18:02:09,889 method:org.apache.ibatis.io.DefaultVFS.findJarForResource(DefaultVFS.java:222)
Find JAR URL: file:/F:/workspace/2018/new/bwts-dao/target/classes/com/dlri/chinacnr/bwts/entity/Statistical.class
[DEBUG] 2018-11-18 18:02:09,889 method:org.apache.ibatis.io.DefaultVFS.findJarForResource(DefaultVFS.java:248)
Not a JAR: file:/F:/workspace/2018/new/bwts-dao/target/classes/com/dlri/chinacnr/bwts/entity/Statistical.class
[DEBUG] 2018-11-18 18:02:09,890 method:org.apache.ibatis.io.DefaultVFS.list(DefaultVFS.java:102)
Reader entry: 漱壕&amp;#0;&amp;#0;&amp;#0;1&amp;#0;(
[DEBUG] 2018-11-18 18:02:09,891 method:org.apache.ibatis.io.DefaultVFS.findJarForResource(DefaultVFS.java:222)
Find JAR URL: file:/F:/workspace/2018/new/bwts-dao/target/classes/com/dlri/chinacnr/bwts/entity/User.class
[DEBUG] 2018-11-18 18:02:09,892 method:org.apache.ibatis.io.DefaultVFS.findJarForResource(DefaultVFS.java:248)
Not a JAR: file:/F:/workspace/2018/new/bwts-dao/target/classes/com/dlri/chinacnr/bwts/entity/User.class
[DEBUG] 2018-11-18 18:02:09,893 method:org.apache.ibatis.io.DefaultVFS.list(DefaultVFS.java:102)
Reader entry: 漱壕&amp;#0;&amp;#0;&amp;#0;1&amp;#0;_
[DEBUG] 2018-11-18 18:02:09,894 method:org.apache.ibatis.io.ResolverUtil.addIfMatching(ResolverUtil.java:256)
Checking to see if class com.dlri.chinacnr.bwts.entity.DetectionDetails matches criteria [is assignable to Object]
[DEBUG] 2018-11-18 18:02:09,894 method:org.apache.ibatis.io.ResolverUtil.addIfMatching(ResolverUtil.java:256)
Checking to see if class com.dlri.chinacnr.bwts.entity.DetectionRecord matches criteria [is assignable to Object]
[DEBUG] 2018-11-18 18:02:09,894 method:org.apache.ibatis.io.ResolverUtil.addIfMatching(ResolverUtil.java:256)
Checking to see if class com.dlri.chinacnr.bwts.entity.DynRecord matches criteria [is assignable to Object]
[DEBUG] 2018-11-18 18:02:09,896 method:org.apache.ibatis.io.ResolverUtil.addIfMatching(ResolverUtil.java:256)
Checking to see if class com.dlri.chinacnr.bwts.entity.LoginInfo matches criteria [is assignable to Object]
[DEBUG] 2018-11-18 18:02:09,897 method:org.apache.ibatis.io.ResolverUtil.addIfMatching(ResolverUtil.java:256)
Checking to see if class com.dlri.chinacnr.bwts.entity.Page matches criteria [is assignable to Object]
[DEBUG] 2018-11-18 18:02:09,898 method:org.apache.ibatis.io.ResolverUtil.addIfMatching(ResolverUtil.java:256)
Checking to see if class com.dlri.chinacnr.bwts.entity.Protocol matches criteria [is assignable to Object]
[DEBUG] 2018-11-18 18:02:09,899 method:org.apache.ibatis.io.ResolverUtil.addIfMatching(ResolverUtil.java:256)
Checking to see if class com.dlri.chinacnr.bwts.entity.RecordTotal matches criteria [is assignable to Object]
[DEBUG] 2018-11-18 18:02:09,900 method:org.apache.ibatis.io.ResolverUtil.addIfMatching(ResolverUtil.java:256)
Checking to see if class com.dlri.chinacnr.bwts.entity.ScheduleJob matches criteria [is assignable to Object]
[DEBUG] 2018-11-18 18:02:09,900 method:org.apache.ibatis.io.ResolverUtil.addIfMatching(ResolverUtil.java:256)
Checking to see if class com.dlri.chinacnr.bwts.entity.Statistical matches criteria [is assignable to Object]
[DEBUG] 2018-11-18 18:02:09,901 method:org.apache.ibatis.io.ResolverUtil.addIfMatching(ResolverUtil.java:256)
Checking to see if class com.dlri.chinacnr.bwts.entity.User matches criteria [is assignable to Object]
Logging initialized using &apos;class org.apache.ibatis.logging.stdout.StdOutImpl&apos; adapter.
</system-out>
  </testcase>
  <testcase classname="com.dlri.chinacnr.bwts.dao.detectionDetailsDaoTest" name="testInsertBatchDetectionDetails" time="0.053">
    <error message="
### Error opening session.  Cause: java.lang.NullPointerException
### Cause: java.lang.NullPointerException" type="org.apache.ibatis.exceptions.PersistenceException">org.apache.ibatis.exceptions.PersistenceException: 
### Error opening session.  Cause: java.lang.NullPointerException
### Cause: java.lang.NullPointerException
	at org.apache.ibatis.exceptions.ExceptionFactory.wrapException(ExceptionFactory.java:30)
	at org.apache.ibatis.session.defaults.DefaultSqlSessionFactory.openSessionFromDataSource(DefaultSqlSessionFactory.java:100)
	at org.apache.ibatis.session.defaults.DefaultSqlSessionFactory.openSession(DefaultSqlSessionFactory.java:47)
	at com.dlri.chinacnr.bwts.utils.MybatisUtils.getSqlSession(MybatisUtils.java:20)
	at com.dlri.chinacnr.bwts.dao.impl.DetectionDetailsDaoImpl.insertBatchDetectionDetails(DetectionDetailsDaoImpl.java:49)
	at com.dlri.chinacnr.bwts.dao.detectionDetailsDaoTest.testInsertBatchDetectionDetails(detectionDetailsDaoTest.java:75)
	at sun.reflect.NativeMethodAccessorImpl.invoke0(Native Method)
	at sun.reflect.NativeMethodAccessorImpl.invoke(NativeMethodAccessorImpl.java:62)
	at sun.reflect.DelegatingMethodAccessorImpl.invoke(DelegatingMethodAccessorImpl.java:43)
	at java.lang.reflect.Method.invoke(Method.java:498)
	at org.junit.runners.model.FrameworkMethod$1.runReflectiveCall(FrameworkMethod.java:50)
	at org.junit.internal.runners.model.ReflectiveCallable.run(ReflectiveCallable.java:12)
	at org.junit.runners.model.FrameworkMethod.invokeExplosively(FrameworkMethod.java:47)
	at org.junit.internal.runners.statements.InvokeMethod.evaluate(InvokeMethod.java:17)
	at org.junit.runners.ParentRunner.runLeaf(ParentRunner.java:325)
	at org.junit.runners.BlockJUnit4ClassRunner.runChild(BlockJUnit4ClassRunner.java:78)
	at org.junit.runners.BlockJUnit4ClassRunner.runChild(BlockJUnit4ClassRunner.java:57)
	at org.junit.runners.ParentRunner$3.run(ParentRunner.java:290)
	at org.junit.runners.ParentRunner$1.schedule(ParentRunner.java:71)
	at org.junit.runners.ParentRunner.runChildren(ParentRunner.java:288)
	at org.junit.runners.ParentRunner.access$000(ParentRunner.java:58)
	at org.junit.runners.ParentRunner$2.evaluate(ParentRunner.java:268)
	at org.junit.runners.ParentRunner.run(ParentRunner.java:363)
	at org.apache.maven.surefire.junit4.JUnit4Provider.execute(JUnit4Provider.java:252)
	at org.apache.maven.surefire.junit4.JUnit4Provider.executeTestSet(JUnit4Provider.java:141)
	at org.apache.maven.surefire.junit4.JUnit4Provider.invoke(JUnit4Provider.java:112)
	at sun.reflect.NativeMethodAccessorImpl.invoke0(Native Method)
	at sun.reflect.NativeMethodAccessorImpl.invoke(NativeMethodAccessorImpl.java:62)
	at sun.reflect.DelegatingMethodAccessorImpl.invoke(DelegatingMethodAccessorImpl.java:43)
	at java.lang.reflect.Method.invoke(Method.java:498)
	at org.apache.maven.surefire.util.ReflectionUtils.invokeMethodWithArray(ReflectionUtils.java:189)
	at org.apache.maven.surefire.booter.ProviderFactory$ProviderProxy.invoke(ProviderFactory.java:165)
	at org.apache.maven.surefire.booter.ProviderFactory.invokeProvider(ProviderFactory.java:85)
	at org.apache.maven.surefire.booter.ForkedBooter.runSuitesInProcess(ForkedBooter.java:115)
	at org.apache.maven.surefire.booter.ForkedBooter.main(ForkedBooter.java:75)
Caused by: java.lang.NullPointerException
	at org.apache.ibatis.session.defaults.DefaultSqlSessionFactory.openSessionFromDataSource(DefaultSqlSessionFactory.java:95)
	... 33 more
</error>
    <system-out>[DEBUG] 2018-11-18 18:02:09,928 method:org.apache.ibatis.io.DefaultVFS.findJarForResource(DefaultVFS.java:222)
Find JAR URL: file:/F:/workspace/2018/new/bwts-dao/target/classes/com/dlri/chinacnr/bwts/entity
[DEBUG] 2018-11-18 18:02:09,928 method:org.apache.ibatis.io.DefaultVFS.findJarForResource(DefaultVFS.java:248)
Not a JAR: file:/F:/workspace/2018/new/bwts-dao/target/classes/com/dlri/chinacnr/bwts/entity
[DEBUG] 2018-11-18 18:02:09,929 method:org.apache.ibatis.io.DefaultVFS.list(DefaultVFS.java:102)
Reader entry: DetectionDetails.class
[DEBUG] 2018-11-18 18:02:09,930 method:org.apache.ibatis.io.DefaultVFS.list(DefaultVFS.java:102)
Reader entry: DetectionRecord.class
[DEBUG] 2018-11-18 18:02:09,930 method:org.apache.ibatis.io.DefaultVFS.list(DefaultVFS.java:102)
Reader entry: DynRecord.class
[DEBUG] 2018-11-18 18:02:09,931 method:org.apache.ibatis.io.DefaultVFS.list(DefaultVFS.java:102)
Reader entry: LoginInfo.class
[DEBUG] 2018-11-18 18:02:09,932 method:org.apache.ibatis.io.DefaultVFS.list(DefaultVFS.java:102)
Reader entry: Page.class
[DEBUG] 2018-11-18 18:02:09,932 method:org.apache.ibatis.io.DefaultVFS.list(DefaultVFS.java:102)
Reader entry: Protocol.class
[DEBUG] 2018-11-18 18:02:09,933 method:org.apache.ibatis.io.DefaultVFS.list(DefaultVFS.java:102)
Reader entry: RecordTotal.class
[DEBUG] 2018-11-18 18:02:09,933 method:org.apache.ibatis.io.DefaultVFS.list(DefaultVFS.java:102)
Reader entry: ScheduleJob.class
[DEBUG] 2018-11-18 18:02:09,933 method:org.apache.ibatis.io.DefaultVFS.list(DefaultVFS.java:102)
Reader entry: Statistical.class
[DEBUG] 2018-11-18 18:02:09,934 method:org.apache.ibatis.io.DefaultVFS.list(DefaultVFS.java:102)
Reader entry: User.class
[DEBUG] 2018-11-18 18:02:09,935 method:org.apache.ibatis.io.DefaultVFS.list(DefaultVFS.java:113)
Listing file:/F:/workspace/2018/new/bwts-dao/target/classes/com/dlri/chinacnr/bwts/entity
[DEBUG] 2018-11-18 18:02:09,935 method:org.apache.ibatis.io.DefaultVFS.findJarForResource(DefaultVFS.java:222)
Find JAR URL: file:/F:/workspace/2018/new/bwts-dao/target/classes/com/dlri/chinacnr/bwts/entity/DetectionDetails.class
[DEBUG] 2018-11-18 18:02:09,936 method:org.apache.ibatis.io.DefaultVFS.findJarForResource(DefaultVFS.java:248)
Not a JAR: file:/F:/workspace/2018/new/bwts-dao/target/classes/com/dlri/chinacnr/bwts/entity/DetectionDetails.class
[DEBUG] 2018-11-18 18:02:09,936 method:org.apache.ibatis.io.DefaultVFS.list(DefaultVFS.java:102)
Reader entry: 漱壕&amp;#0;&amp;#0;&amp;#0;1&amp;#0;?
[DEBUG] 2018-11-18 18:02:09,938 method:org.apache.ibatis.io.DefaultVFS.findJarForResource(DefaultVFS.java:222)
Find JAR URL: file:/F:/workspace/2018/new/bwts-dao/target/classes/com/dlri/chinacnr/bwts/entity/DetectionRecord.class
[DEBUG] 2018-11-18 18:02:09,939 method:org.apache.ibatis.io.DefaultVFS.findJarForResource(DefaultVFS.java:248)
Not a JAR: file:/F:/workspace/2018/new/bwts-dao/target/classes/com/dlri/chinacnr/bwts/entity/DetectionRecord.class
[DEBUG] 2018-11-18 18:02:09,940 method:org.apache.ibatis.io.DefaultVFS.list(DefaultVFS.java:102)
Reader entry: 漱壕&amp;#0;&amp;#0;&amp;#0;1&amp;#0;?
[DEBUG] 2018-11-18 18:02:09,941 method:org.apache.ibatis.io.DefaultVFS.findJarForResource(DefaultVFS.java:222)
Find JAR URL: file:/F:/workspace/2018/new/bwts-dao/target/classes/com/dlri/chinacnr/bwts/entity/DynRecord.class
[DEBUG] 2018-11-18 18:02:09,942 method:org.apache.ibatis.io.DefaultVFS.findJarForResource(DefaultVFS.java:248)
Not a JAR: file:/F:/workspace/2018/new/bwts-dao/target/classes/com/dlri/chinacnr/bwts/entity/DynRecord.class
[DEBUG] 2018-11-18 18:02:09,943 method:org.apache.ibatis.io.DefaultVFS.list(DefaultVFS.java:102)
Reader entry: 漱壕&amp;#0;&amp;#0;&amp;#0;1&amp;#1;&amp;#4;
[DEBUG] 2018-11-18 18:02:09,944 method:org.apache.ibatis.io.DefaultVFS.findJarForResource(DefaultVFS.java:222)
Find JAR URL: file:/F:/workspace/2018/new/bwts-dao/target/classes/com/dlri/chinacnr/bwts/entity/LoginInfo.class
[DEBUG] 2018-11-18 18:02:09,945 method:org.apache.ibatis.io.DefaultVFS.findJarForResource(DefaultVFS.java:248)
Not a JAR: file:/F:/workspace/2018/new/bwts-dao/target/classes/com/dlri/chinacnr/bwts/entity/LoginInfo.class
[DEBUG] 2018-11-18 18:02:09,946 method:org.apache.ibatis.io.DefaultVFS.list(DefaultVFS.java:102)
Reader entry: 漱壕&amp;#0;&amp;#0;&amp;#0;1&amp;#0;6
[DEBUG] 2018-11-18 18:02:09,946 method:org.apache.ibatis.io.DefaultVFS.findJarForResource(DefaultVFS.java:222)
Find JAR URL: file:/F:/workspace/2018/new/bwts-dao/target/classes/com/dlri/chinacnr/bwts/entity/Page.class
[DEBUG] 2018-11-18 18:02:09,947 method:org.apache.ibatis.io.DefaultVFS.findJarForResource(DefaultVFS.java:248)
Not a JAR: file:/F:/workspace/2018/new/bwts-dao/target/classes/com/dlri/chinacnr/bwts/entity/Page.class
[DEBUG] 2018-11-18 18:02:09,948 method:org.apache.ibatis.io.DefaultVFS.list(DefaultVFS.java:102)
Reader entry: 漱壕&amp;#0;&amp;#0;&amp;#0;1&amp;#0;#
[DEBUG] 2018-11-18 18:02:09,949 method:org.apache.ibatis.io.DefaultVFS.findJarForResource(DefaultVFS.java:222)
Find JAR URL: file:/F:/workspace/2018/new/bwts-dao/target/classes/com/dlri/chinacnr/bwts/entity/Protocol.class
[DEBUG] 2018-11-18 18:02:09,949 method:org.apache.ibatis.io.DefaultVFS.findJarForResource(DefaultVFS.java:248)
Not a JAR: file:/F:/workspace/2018/new/bwts-dao/target/classes/com/dlri/chinacnr/bwts/entity/Protocol.class
[DEBUG] 2018-11-18 18:02:09,950 method:org.apache.ibatis.io.DefaultVFS.list(DefaultVFS.java:102)
Reader entry: 漱壕&amp;#0;&amp;#0;&amp;#0;1&amp;#0;V
[DEBUG] 2018-11-18 18:02:09,951 method:org.apache.ibatis.io.DefaultVFS.findJarForResource(DefaultVFS.java:222)
Find JAR URL: file:/F:/workspace/2018/new/bwts-dao/target/classes/com/dlri/chinacnr/bwts/entity/RecordTotal.class
[DEBUG] 2018-11-18 18:02:09,951 method:org.apache.ibatis.io.DefaultVFS.findJarForResource(DefaultVFS.java:248)
Not a JAR: file:/F:/workspace/2018/new/bwts-dao/target/classes/com/dlri/chinacnr/bwts/entity/RecordTotal.class
[DEBUG] 2018-11-18 18:02:09,953 method:org.apache.ibatis.io.DefaultVFS.list(DefaultVFS.java:102)
Reader entry: 漱壕&amp;#0;&amp;#0;&amp;#0;1&amp;#0;&amp;#29;
[DEBUG] 2018-11-18 18:02:09,953 method:org.apache.ibatis.io.DefaultVFS.findJarForResource(DefaultVFS.java:222)
Find JAR URL: file:/F:/workspace/2018/new/bwts-dao/target/classes/com/dlri/chinacnr/bwts/entity/ScheduleJob.class
[DEBUG] 2018-11-18 18:02:09,953 method:org.apache.ibatis.io.DefaultVFS.findJarForResource(DefaultVFS.java:248)
Not a JAR: file:/F:/workspace/2018/new/bwts-dao/target/classes/com/dlri/chinacnr/bwts/entity/ScheduleJob.class
[DEBUG] 2018-11-18 18:02:09,954 method:org.apache.ibatis.io.DefaultVFS.list(DefaultVFS.java:102)
Reader entry: 漱壕&amp;#0;&amp;#0;&amp;#0;1&amp;#0;J
[DEBUG] 2018-11-18 18:02:09,955 method:org.apache.ibatis.io.DefaultVFS.findJarForResource(DefaultVFS.java:222)
Find JAR URL: file:/F:/workspace/2018/new/bwts-dao/target/classes/com/dlri/chinacnr/bwts/entity/Statistical.class
[DEBUG] 2018-11-18 18:02:09,955 method:org.apache.ibatis.io.DefaultVFS.findJarForResource(DefaultVFS.java:248)
Not a JAR: file:/F:/workspace/2018/new/bwts-dao/target/classes/com/dlri/chinacnr/bwts/entity/Statistical.class
[DEBUG] 2018-11-18 18:02:09,955 method:org.apache.ibatis.io.DefaultVFS.list(DefaultVFS.java:102)
Reader entry: 漱壕&amp;#0;&amp;#0;&amp;#0;1&amp;#0;(
[DEBUG] 2018-11-18 18:02:09,956 method:org.apache.ibatis.io.DefaultVFS.findJarForResource(DefaultVFS.java:222)
Find JAR URL: file:/F:/workspace/2018/new/bwts-dao/target/classes/com/dlri/chinacnr/bwts/entity/User.class
[DEBUG] 2018-11-18 18:02:09,957 method:org.apache.ibatis.io.DefaultVFS.findJarForResource(DefaultVFS.java:248)
Not a JAR: file:/F:/workspace/2018/new/bwts-dao/target/classes/com/dlri/chinacnr/bwts/entity/User.class
[DEBUG] 2018-11-18 18:02:09,957 method:org.apache.ibatis.io.DefaultVFS.list(DefaultVFS.java:102)
Reader entry: 漱壕&amp;#0;&amp;#0;&amp;#0;1&amp;#0;_
[DEBUG] 2018-11-18 18:02:09,958 method:org.apache.ibatis.io.ResolverUtil.addIfMatching(ResolverUtil.java:256)
Checking to see if class com.dlri.chinacnr.bwts.entity.DetectionDetails matches criteria [is assignable to Object]
[DEBUG] 2018-11-18 18:02:09,958 method:org.apache.ibatis.io.ResolverUtil.addIfMatching(ResolverUtil.java:256)
Checking to see if class com.dlri.chinacnr.bwts.entity.DetectionRecord matches criteria [is assignable to Object]
[DEBUG] 2018-11-18 18:02:09,958 method:org.apache.ibatis.io.ResolverUtil.addIfMatching(ResolverUtil.java:256)
Checking to see if class com.dlri.chinacnr.bwts.entity.DynRecord matches criteria [is assignable to Object]
[DEBUG] 2018-11-18 18:02:09,958 method:org.apache.ibatis.io.ResolverUtil.addIfMatching(ResolverUtil.java:256)
Checking to see if class com.dlri.chinacnr.bwts.entity.LoginInfo matches criteria [is assignable to Object]
[DEBUG] 2018-11-18 18:02:09,959 method:org.apache.ibatis.io.ResolverUtil.addIfMatching(ResolverUtil.java:256)
Checking to see if class com.dlri.chinacnr.bwts.entity.Page matches criteria [is assignable to Object]
[DEBUG] 2018-11-18 18:02:09,959 method:org.apache.ibatis.io.ResolverUtil.addIfMatching(ResolverUtil.java:256)
Checking to see if class com.dlri.chinacnr.bwts.entity.Protocol matches criteria [is assignable to Object]
[DEBUG] 2018-11-18 18:02:09,959 method:org.apache.ibatis.io.ResolverUtil.addIfMatching(ResolverUtil.java:256)
Checking to see if class com.dlri.chinacnr.bwts.entity.RecordTotal matches criteria [is assignable to Object]
[DEBUG] 2018-11-18 18:02:09,959 method:org.apache.ibatis.io.ResolverUtil.addIfMatching(ResolverUtil.java:256)
Checking to see if class com.dlri.chinacnr.bwts.entity.ScheduleJob matches criteria [is assignable to Object]
[DEBUG] 2018-11-18 18:02:09,959 method:org.apache.ibatis.io.ResolverUtil.addIfMatching(ResolverUtil.java:256)
Checking to see if class com.dlri.chinacnr.bwts.entity.Statistical matches criteria [is assignable to Object]
[DEBUG] 2018-11-18 18:02:09,959 method:org.apache.ibatis.io.ResolverUtil.addIfMatching(ResolverUtil.java:256)
Checking to see if class com.dlri.chinacnr.bwts.entity.User matches criteria [is assignable to Object]
Logging initialized using &apos;class org.apache.ibatis.logging.stdout.StdOutImpl&apos; adapter.
</system-out>
  </testcase>
</testsuite>