<?xml version="1.0" encoding="UTF-8" ?>
<testsuite tests="4" failures="0" name="com.dlri.chinacnr.bwts.dao.DetectionRecordDaoTest" time="0.223" errors="4" skipped="0">
  <properties>
    <property name="java.runtime.name" value="Java(TM) SE Runtime Environment"/>
    <property name="sun.boot.library.path" value="C:\Program Files\Java\jdk1.8.0_152\jre\bin"/>
    <property name="java.vm.version" value="25.152-b16"/>
    <property name="java.vm.vendor" value="Oracle Corporation"/>
    <property name="maven.multiModuleProjectDirectory" value="F:\workspace\2018\new\bwts-dao"/>
    <property name="java.vendor.url" value="http://java.oracle.com/"/>
    <property name="path.separator" value=";"/>
    <property name="guice.disable.misplaced.annotation.check" value="true"/>
    <property name="java.vm.name" value="Java HotSpot(TM) 64-Bit Server VM"/>
    <property name="file.encoding.pkg" value="sun.io"/>
    <property name="user.script" value=""/>
    <property name="user.country" value="CN"/>
    <property name="sun.java.launcher" value="SUN_STANDARD"/>
    <property name="sun.os.patch.level" value=""/>
    <property name="java.vm.specification.name" value="Java Virtual Machine Specification"/>
    <property name="user.dir" value="F:\workspace\2018\new\bwts-dao"/>
    <property name="java.runtime.version" value="1.8.0_152-b16"/>
    <property name="java.awt.graphicsenv" value="sun.awt.Win32GraphicsEnvironment"/>
    <property name="java.endorsed.dirs" value="C:\Program Files\Java\jdk1.8.0_152\jre\lib\endorsed"/>
    <property name="os.arch" value="amd64"/>
    <property name="java.io.tmpdir" value="C:\Users\JH\AppData\Local\Temp\"/>
    <property name="line.separator" value="
"/>
    <property name="java.vm.specification.vendor" value="Oracle Corporation"/>
    <property name="user.variant" value=""/>
    <property name="os.name" value="Windows 10"/>
    <property name="classworlds.conf" value="F:\workspace\2018\new\.metadata\.plugins\org.eclipse.m2e.launching\launches\m2conf1493375403162167128.tmp"/>
    <property name="sun.jnu.encoding" value="GBK"/>
    <property name="java.library.path" value="C:\Program Files\Java\jdk1.8.0_152\jre\bin;C:\WINDOWS\Sun\Java\bin;C:\WINDOWS\system32;C:\WINDOWS;C:/Program Files/Java/jre1.8.0_152/bin/server;C:/Program Files/Java/jre1.8.0_152/bin;C:/Program Files/Java/jre1.8.0_152/lib/amd64;C:\ProgramData\Oracle\Java\javapath;C:\app\JH\product\11.2.0\client_1\bin;C:\Program Files (x86)\Intel\iCLS Client\;C:\Program Files\Intel\iCLS Client\;C:\windows\system32;C:\windows;C:\windows\System32\Wbem;C:\windows\System32\WindowsPowerShell\v1.0\;C:\Program Files (x86)\NVIDIA Corporation\PhysX\Common;C:\Program Files (x86)\Intel\Intel(R) Management Engine Components\DAL;C:\Program Files\Intel\Intel(R) Management Engine Components\DAL;C:\Program Files (x86)\Intel\Intel(R) Management Engine Components\IPT;C:\Program Files\Intel\Intel(R) Management Engine Components\IPT;C:\WINDOWS\system32;C:\WINDOWS;C:\WINDOWS\System32\Wbem;C:\WINDOWS\System32\WindowsPowerShell\v1.0\;C:\Program Files\Java\jdk1.8.0_152\bin;C:\Program Files (x86)\Git\cmd;c:\Program Files (x86)\Microsoft SQL Server\100\Tools\Binn\;c:\Program Files (x86)\Microsoft SQL Server\100\DTS\Binn\;c:\Program Files (x86)\Microsoft SQL Server\100\Tools\Binn\VSShell\Common7\IDE\;F:\mysql-5.7.20-winx64\bin;C:\Program Files\nodejs\;F:\mysql-5.7.20-winx64\bin;C:\WINDOWS\System32\OpenSSH\;C:\Program Files\Intel\WiFi\bin\;C:\Program Files\Common Files\Intel\WirelessCommon\;C:\Users\JH\AppData\Roaming\npm;%USERPROFILE%\AppData\Local\Microsoft\WindowsApps;;C:\Users\JH\Desktop;;."/>
    <property name="java.specification.name" value="Java Platform API Specification"/>
    <property name="java.class.version" value="52.0"/>
    <property name="sun.management.compiler" value="HotSpot 64-Bit Tiered Compilers"/>
    <property name="os.version" value="10.0"/>
    <property name="user.home" value="C:\Users\JH"/>
    <property name="user.timezone" value="Asia/Shanghai"/>
    <property name="java.awt.printerjob" value="sun.awt.windows.WPrinterJob"/>
    <property name="java.specification.version" value="1.8"/>
    <property name="file.encoding" value="GBK"/>
    <property name="user.name" value="JH"/>
    <property name="java.class.path" value="C:\Users\JH\.p2\pool\plugins\org.eclipse.m2e.maven.runtime_1.9.1.20180912-1600\jars\plexus-classworlds-2.5.2.jar"/>
    <property name="java.vm.specification.version" value="1.8"/>
    <property name="sun.arch.data.model" value="64"/>
    <property name="java.home" value="C:\Program Files\Java\jdk1.8.0_152\jre"/>
    <property name="sun.java.command" value="org.codehaus.plexus.classworlds.launcher.Launcher -B install"/>
    <property name="java.specification.vendor" value="Oracle Corporation"/>
    <property name="user.language" value="zh"/>
    <property name="awt.toolkit" value="sun.awt.windows.WToolkit"/>
    <property name="java.vm.info" value="mixed mode"/>
    <property name="java.version" value="1.8.0_152"/>
    <property name="java.ext.dirs" value="C:\Program Files\Java\jdk1.8.0_152\jre\lib\ext;C:\WINDOWS\Sun\Java\lib\ext"/>
    <property name="sun.boot.class.path" value="C:\Program Files\Java\jdk1.8.0_152\jre\lib\resources.jar;C:\Program Files\Java\jdk1.8.0_152\jre\lib\rt.jar;C:\Program Files\Java\jdk1.8.0_152\jre\lib\sunrsasign.jar;C:\Program Files\Java\jdk1.8.0_152\jre\lib\jsse.jar;C:\Program Files\Java\jdk1.8.0_152\jre\lib\jce.jar;C:\Program Files\Java\jdk1.8.0_152\jre\lib\charsets.jar;C:\Program Files\Java\jdk1.8.0_152\jre\lib\jfr.jar;C:\Program Files\Java\jdk1.8.0_152\jre\classes"/>
    <property name="java.vendor" value="Oracle Corporation"/>
    <property name="maven.home" value="F:\workspace\2018\new\bwts-dao\EMBEDDED"/>
    <property name="file.separator" value="\"/>
    <property name="java.vendor.url.bug" value="http://bugreport.sun.com/bugreport/"/>
    <property name="sun.cpu.endian" value="little"/>
    <property name="sun.io.unicode.encoding" value="UnicodeLittle"/>
    <property name="sun.desktop" value="windows"/>
    <property name="sun.cpu.isalist" value="amd64"/>
  </properties>
  <testcase classname="com.dlri.chinacnr.bwts.dao.DetectionRecordDaoTest" name="insertCallProcedureRecord" time="0.032">
    <error message="
### Error opening session.  Cause: java.lang.NullPointerException
### Cause: java.lang.NullPointerException" type="org.apache.ibatis.exceptions.PersistenceException">org.apache.ibatis.exceptions.PersistenceException: 
### Error opening session.  Cause: java.lang.NullPointerException
### Cause: java.lang.NullPointerException
	at org.apache.ibatis.exceptions.ExceptionFactory.wrapException(ExceptionFactory.java:30)
	at org.apache.ibatis.session.defaults.DefaultSqlSessionFactory.openSessionFromDataSource(DefaultSqlSessionFactory.java:100)
	at org.apache.ibatis.session.defaults.DefaultSqlSessionFactory.openSession(DefaultSqlSessionFactory.java:47)
	at com.dlri.chinacnr.bwts.utils.MybatisUtils.getSqlSession(MybatisUtils.java:20)
	at com.dlri.chinacnr.bwts.dao.DetectionRecordDaoTest.insertCallProcedureRecord(DetectionRecordDaoTest.java:64)
	at sun.reflect.NativeMethodAccessorImpl.invoke0(Native Method)
	at sun.reflect.NativeMethodAccessorImpl.invoke(NativeMethodAccessorImpl.java:62)
	at sun.reflect.DelegatingMethodAccessorImpl.invoke(DelegatingMethodAccessorImpl.java:43)
	at java.lang.reflect.Method.invoke(Method.java:498)
	at org.junit.runners.model.FrameworkMethod$1.runReflectiveCall(FrameworkMethod.java:50)
	at org.junit.internal.runners.model.ReflectiveCallable.run(ReflectiveCallable.java:12)
	at org.junit.runners.model.FrameworkMethod.invokeExplosively(FrameworkMethod.java:47)
	at org.junit.internal.runners.statements.InvokeMethod.evaluate(InvokeMethod.java:17)
	at org.junit.runners.ParentRunner.runLeaf(ParentRunner.java:325)
	at org.junit.runners.BlockJUnit4ClassRunner.runChild(BlockJUnit4ClassRunner.java:78)
	at org.junit.runners.BlockJUnit4ClassRunner.runChild(BlockJUnit4ClassRunner.java:57)
	at org.junit.runners.ParentRunner$3.run(ParentRunner.java:290)
	at org.junit.runners.ParentRunner$1.schedule(ParentRunner.java:71)
	at org.junit.runners.ParentRunner.runChildren(ParentRunner.java:288)
	at org.junit.runners.ParentRunner.access$000(ParentRunner.java:58)
	at org.junit.runners.ParentRunner$2.evaluate(ParentRunner.java:268)
	at org.junit.runners.ParentRunner.run(ParentRunner.java:363)
	at org.apache.maven.surefire.junit4.JUnit4Provider.execute(JUnit4Provider.java:252)
	at org.apache.maven.surefire.junit4.JUnit4Provider.executeTestSet(JUnit4Provider.java:141)
	at org.apache.maven.surefire.junit4.JUnit4Provider.invoke(JUnit4Provider.java:112)
	at sun.reflect.NativeMethodAccessorImpl.invoke0(Native Method)
	at sun.reflect.NativeMethodAccessorImpl.invoke(NativeMethodAccessorImpl.java:62)
	at sun.reflect.DelegatingMethodAccessorImpl.invoke(DelegatingMethodAccessorImpl.java:43)
	at java.lang.reflect.Method.invoke(Method.java:498)
	at org.apache.maven.surefire.util.ReflectionUtils.invokeMethodWithArray(ReflectionUtils.java:189)
	at org.apache.maven.surefire.booter.ProviderFactory$ProviderProxy.invoke(ProviderFactory.java:165)
	at org.apache.maven.surefire.booter.ProviderFactory.invokeProvider(ProviderFactory.java:85)
	at org.apache.maven.surefire.booter.ForkedBooter.runSuitesInProcess(ForkedBooter.java:115)
	at org.apache.maven.surefire.booter.ForkedBooter.main(ForkedBooter.java:75)
Caused by: java.lang.NullPointerException
	at org.apache.ibatis.session.defaults.DefaultSqlSessionFactory.openSessionFromDataSource(DefaultSqlSessionFactory.java:95)
	... 32 more
</error>
    <system-out>[DEBUG] 2018-11-18 18:02:09,990 method:org.apache.ibatis.io.DefaultVFS.findJarForResource(DefaultVFS.java:222)
Find JAR URL: file:/F:/workspace/2018/new/bwts-dao/target/classes/com/dlri/chinacnr/bwts/entity
[DEBUG] 2018-11-18 18:02:09,990 method:org.apache.ibatis.io.DefaultVFS.findJarForResource(DefaultVFS.java:248)
Not a JAR: file:/F:/workspace/2018/new/bwts-dao/target/classes/com/dlri/chinacnr/bwts/entity
[DEBUG] 2018-11-18 18:02:09,992 method:org.apache.ibatis.io.DefaultVFS.list(DefaultVFS.java:102)
Reader entry: DetectionDetails.class
[DEBUG] 2018-11-18 18:02:09,993 method:org.apache.ibatis.io.DefaultVFS.list(DefaultVFS.java:102)
Reader entry: DetectionRecord.class
[DEBUG] 2018-11-18 18:02:09,993 method:org.apache.ibatis.io.DefaultVFS.list(DefaultVFS.java:102)
Reader entry: DynRecord.class
[DEBUG] 2018-11-18 18:02:09,994 method:org.apache.ibatis.io.DefaultVFS.list(DefaultVFS.java:102)
Reader entry: LoginInfo.class
[DEBUG] 2018-11-18 18:02:09,995 method:org.apache.ibatis.io.DefaultVFS.list(DefaultVFS.java:102)
Reader entry: Page.class
[DEBUG] 2018-11-18 18:02:09,995 method:org.apache.ibatis.io.DefaultVFS.list(DefaultVFS.java:102)
Reader entry: Protocol.class
[DEBUG] 2018-11-18 18:02:09,996 method:org.apache.ibatis.io.DefaultVFS.list(DefaultVFS.java:102)
Reader entry: RecordTotal.class
[DEBUG] 2018-11-18 18:02:09,996 method:org.apache.ibatis.io.DefaultVFS.list(DefaultVFS.java:102)
Reader entry: ScheduleJob.class
[DEBUG] 2018-11-18 18:02:09,997 method:org.apache.ibatis.io.DefaultVFS.list(DefaultVFS.java:102)
Reader entry: Statistical.class
[DEBUG] 2018-11-18 18:02:09,998 method:org.apache.ibatis.io.DefaultVFS.list(DefaultVFS.java:102)
Reader entry: User.class
[DEBUG] 2018-11-18 18:02:09,999 method:org.apache.ibatis.io.DefaultVFS.list(DefaultVFS.java:113)
Listing file:/F:/workspace/2018/new/bwts-dao/target/classes/com/dlri/chinacnr/bwts/entity
[DEBUG] 2018-11-18 18:02:09,999 method:org.apache.ibatis.io.DefaultVFS.findJarForResource(DefaultVFS.java:222)
Find JAR URL: file:/F:/workspace/2018/new/bwts-dao/target/classes/com/dlri/chinacnr/bwts/entity/DetectionDetails.class
[DEBUG] 2018-11-18 18:02:09,999 method:org.apache.ibatis.io.DefaultVFS.findJarForResource(DefaultVFS.java:248)
Not a JAR: file:/F:/workspace/2018/new/bwts-dao/target/classes/com/dlri/chinacnr/bwts/entity/DetectionDetails.class
[DEBUG] 2018-11-18 18:02:10,000 method:org.apache.ibatis.io.DefaultVFS.list(DefaultVFS.java:102)
Reader entry: 漱壕&amp;#0;&amp;#0;&amp;#0;1&amp;#0;?
[DEBUG] 2018-11-18 18:02:10,001 method:org.apache.ibatis.io.DefaultVFS.findJarForResource(DefaultVFS.java:222)
Find JAR URL: file:/F:/workspace/2018/new/bwts-dao/target/classes/com/dlri/chinacnr/bwts/entity/DetectionRecord.class
[DEBUG] 2018-11-18 18:02:10,001 method:org.apache.ibatis.io.DefaultVFS.findJarForResource(DefaultVFS.java:248)
Not a JAR: file:/F:/workspace/2018/new/bwts-dao/target/classes/com/dlri/chinacnr/bwts/entity/DetectionRecord.class
[DEBUG] 2018-11-18 18:02:10,002 method:org.apache.ibatis.io.DefaultVFS.list(DefaultVFS.java:102)
Reader entry: 漱壕&amp;#0;&amp;#0;&amp;#0;1&amp;#0;?
[DEBUG] 2018-11-18 18:02:10,013 method:org.apache.ibatis.io.DefaultVFS.findJarForResource(DefaultVFS.java:222)
Find JAR URL: file:/F:/workspace/2018/new/bwts-dao/target/classes/com/dlri/chinacnr/bwts/entity/DynRecord.class
[DEBUG] 2018-11-18 18:02:10,013 method:org.apache.ibatis.io.DefaultVFS.findJarForResource(DefaultVFS.java:248)
Not a JAR: file:/F:/workspace/2018/new/bwts-dao/target/classes/com/dlri/chinacnr/bwts/entity/DynRecord.class
[DEBUG] 2018-11-18 18:02:10,018 method:org.apache.ibatis.io.DefaultVFS.list(DefaultVFS.java:102)
Reader entry: 漱壕&amp;#0;&amp;#0;&amp;#0;1&amp;#1;&amp;#4;
[DEBUG] 2018-11-18 18:02:10,020 method:org.apache.ibatis.io.DefaultVFS.findJarForResource(DefaultVFS.java:222)
Find JAR URL: file:/F:/workspace/2018/new/bwts-dao/target/classes/com/dlri/chinacnr/bwts/entity/LoginInfo.class
[DEBUG] 2018-11-18 18:02:10,021 method:org.apache.ibatis.io.DefaultVFS.findJarForResource(DefaultVFS.java:248)
Not a JAR: file:/F:/workspace/2018/new/bwts-dao/target/classes/com/dlri/chinacnr/bwts/entity/LoginInfo.class
[DEBUG] 2018-11-18 18:02:10,022 method:org.apache.ibatis.io.DefaultVFS.list(DefaultVFS.java:102)
Reader entry: 漱壕&amp;#0;&amp;#0;&amp;#0;1&amp;#0;6
[DEBUG] 2018-11-18 18:02:10,023 method:org.apache.ibatis.io.DefaultVFS.findJarForResource(DefaultVFS.java:222)
Find JAR URL: file:/F:/workspace/2018/new/bwts-dao/target/classes/com/dlri/chinacnr/bwts/entity/Page.class
[DEBUG] 2018-11-18 18:02:10,024 method:org.apache.ibatis.io.DefaultVFS.findJarForResource(DefaultVFS.java:248)
Not a JAR: file:/F:/workspace/2018/new/bwts-dao/target/classes/com/dlri/chinacnr/bwts/entity/Page.class
[DEBUG] 2018-11-18 18:02:10,025 method:org.apache.ibatis.io.DefaultVFS.list(DefaultVFS.java:102)
Reader entry: 漱壕&amp;#0;&amp;#0;&amp;#0;1&amp;#0;#
[DEBUG] 2018-11-18 18:02:10,025 method:org.apache.ibatis.io.DefaultVFS.findJarForResource(DefaultVFS.java:222)
Find JAR URL: file:/F:/workspace/2018/new/bwts-dao/target/classes/com/dlri/chinacnr/bwts/entity/Protocol.class
[DEBUG] 2018-11-18 18:02:10,026 method:org.apache.ibatis.io.DefaultVFS.findJarForResource(DefaultVFS.java:248)
Not a JAR: file:/F:/workspace/2018/new/bwts-dao/target/classes/com/dlri/chinacnr/bwts/entity/Protocol.class
[DEBUG] 2018-11-18 18:02:10,026 method:org.apache.ibatis.io.DefaultVFS.list(DefaultVFS.java:102)
Reader entry: 漱壕&amp;#0;&amp;#0;&amp;#0;1&amp;#0;V
[DEBUG] 2018-11-18 18:02:10,027 method:org.apache.ibatis.io.DefaultVFS.findJarForResource(DefaultVFS.java:222)
Find JAR URL: file:/F:/workspace/2018/new/bwts-dao/target/classes/com/dlri/chinacnr/bwts/entity/RecordTotal.class
[DEBUG] 2018-11-18 18:02:10,028 method:org.apache.ibatis.io.DefaultVFS.findJarForResource(DefaultVFS.java:248)
Not a JAR: file:/F:/workspace/2018/new/bwts-dao/target/classes/com/dlri/chinacnr/bwts/entity/RecordTotal.class
[DEBUG] 2018-11-18 18:02:10,029 method:org.apache.ibatis.io.DefaultVFS.list(DefaultVFS.java:102)
Reader entry: 漱壕&amp;#0;&amp;#0;&amp;#0;1&amp;#0;&amp;#29;
[DEBUG] 2018-11-18 18:02:10,030 method:org.apache.ibatis.io.DefaultVFS.findJarForResource(DefaultVFS.java:222)
Find JAR URL: file:/F:/workspace/2018/new/bwts-dao/target/classes/com/dlri/chinacnr/bwts/entity/ScheduleJob.class
[DEBUG] 2018-11-18 18:02:10,031 method:org.apache.ibatis.io.DefaultVFS.findJarForResource(DefaultVFS.java:248)
Not a JAR: file:/F:/workspace/2018/new/bwts-dao/target/classes/com/dlri/chinacnr/bwts/entity/ScheduleJob.class
[DEBUG] 2018-11-18 18:02:10,032 method:org.apache.ibatis.io.DefaultVFS.list(DefaultVFS.java:102)
Reader entry: 漱壕&amp;#0;&amp;#0;&amp;#0;1&amp;#0;J
[DEBUG] 2018-11-18 18:02:10,033 method:org.apache.ibatis.io.DefaultVFS.findJarForResource(DefaultVFS.java:222)
Find JAR URL: file:/F:/workspace/2018/new/bwts-dao/target/classes/com/dlri/chinacnr/bwts/entity/Statistical.class
[DEBUG] 2018-11-18 18:02:10,036 method:org.apache.ibatis.io.DefaultVFS.findJarForResource(DefaultVFS.java:248)
Not a JAR: file:/F:/workspace/2018/new/bwts-dao/target/classes/com/dlri/chinacnr/bwts/entity/Statistical.class
[DEBUG] 2018-11-18 18:02:10,038 method:org.apache.ibatis.io.DefaultVFS.list(DefaultVFS.java:102)
Reader entry: 漱壕&amp;#0;&amp;#0;&amp;#0;1&amp;#0;(
[DEBUG] 2018-11-18 18:02:10,039 method:org.apache.ibatis.io.DefaultVFS.findJarForResource(DefaultVFS.java:222)
Find JAR URL: file:/F:/workspace/2018/new/bwts-dao/target/classes/com/dlri/chinacnr/bwts/entity/User.class
[DEBUG] 2018-11-18 18:02:10,039 method:org.apache.ibatis.io.DefaultVFS.findJarForResource(DefaultVFS.java:248)
Not a JAR: file:/F:/workspace/2018/new/bwts-dao/target/classes/com/dlri/chinacnr/bwts/entity/User.class
[DEBUG] 2018-11-18 18:02:10,040 method:org.apache.ibatis.io.DefaultVFS.list(DefaultVFS.java:102)
Reader entry: 漱壕&amp;#0;&amp;#0;&amp;#0;1&amp;#0;_
[DEBUG] 2018-11-18 18:02:10,041 method:org.apache.ibatis.io.ResolverUtil.addIfMatching(ResolverUtil.java:256)
Checking to see if class com.dlri.chinacnr.bwts.entity.DetectionDetails matches criteria [is assignable to Object]
[DEBUG] 2018-11-18 18:02:10,041 method:org.apache.ibatis.io.ResolverUtil.addIfMatching(ResolverUtil.java:256)
Checking to see if class com.dlri.chinacnr.bwts.entity.DetectionRecord matches criteria [is assignable to Object]
[DEBUG] 2018-11-18 18:02:10,042 method:org.apache.ibatis.io.ResolverUtil.addIfMatching(ResolverUtil.java:256)
Checking to see if class com.dlri.chinacnr.bwts.entity.DynRecord matches criteria [is assignable to Object]
[DEBUG] 2018-11-18 18:02:10,042 method:org.apache.ibatis.io.ResolverUtil.addIfMatching(ResolverUtil.java:256)
Checking to see if class com.dlri.chinacnr.bwts.entity.LoginInfo matches criteria [is assignable to Object]
[DEBUG] 2018-11-18 18:02:10,042 method:org.apache.ibatis.io.ResolverUtil.addIfMatching(ResolverUtil.java:256)
Checking to see if class com.dlri.chinacnr.bwts.entity.Page matches criteria [is assignable to Object]
[DEBUG] 2018-11-18 18:02:10,043 method:org.apache.ibatis.io.ResolverUtil.addIfMatching(ResolverUtil.java:256)
Checking to see if class com.dlri.chinacnr.bwts.entity.Protocol matches criteria [is assignable to Object]
[DEBUG] 2018-11-18 18:02:10,043 method:org.apache.ibatis.io.ResolverUtil.addIfMatching(ResolverUtil.java:256)
Checking to see if class com.dlri.chinacnr.bwts.entity.RecordTotal matches criteria [is assignable to Object]
[DEBUG] 2018-11-18 18:02:10,043 method:org.apache.ibatis.io.ResolverUtil.addIfMatching(ResolverUtil.java:256)
Checking to see if class com.dlri.chinacnr.bwts.entity.ScheduleJob matches criteria [is assignable to Object]
[DEBUG] 2018-11-18 18:02:10,043 method:org.apache.ibatis.io.ResolverUtil.addIfMatching(ResolverUtil.java:256)
Checking to see if class com.dlri.chinacnr.bwts.entity.Statistical matches criteria [is assignable to Object]
[DEBUG] 2018-11-18 18:02:10,044 method:org.apache.ibatis.io.ResolverUtil.addIfMatching(ResolverUtil.java:256)
Checking to see if class com.dlri.chinacnr.bwts.entity.User matches criteria [is assignable to Object]
Logging initialized using &apos;class org.apache.ibatis.logging.stdout.StdOutImpl&apos; adapter.
</system-out>
  </testcase>
  <testcase classname="com.dlri.chinacnr.bwts.dao.DetectionRecordDaoTest" name="testInsertOneDetectionRecord" time="0.059">
    <error message="
### Error opening session.  Cause: java.lang.NullPointerException
### Cause: java.lang.NullPointerException" type="org.apache.ibatis.exceptions.PersistenceException">org.apache.ibatis.exceptions.PersistenceException: 
### Error opening session.  Cause: java.lang.NullPointerException
### Cause: java.lang.NullPointerException
	at org.apache.ibatis.exceptions.ExceptionFactory.wrapException(ExceptionFactory.java:30)
	at org.apache.ibatis.session.defaults.DefaultSqlSessionFactory.openSessionFromDataSource(DefaultSqlSessionFactory.java:100)
	at org.apache.ibatis.session.defaults.DefaultSqlSessionFactory.openSession(DefaultSqlSessionFactory.java:47)
	at com.dlri.chinacnr.bwts.utils.MybatisUtils.getSqlSession(MybatisUtils.java:20)
	at com.dlri.chinacnr.bwts.dao.impl.DetectionRecordDaoImpl.insertOneDetectionRecord(DetectionRecordDaoImpl.java:34)
	at com.dlri.chinacnr.bwts.dao.DetectionRecordDaoTest.testInsertOneDetectionRecord(DetectionRecordDaoTest.java:32)
	at sun.reflect.NativeMethodAccessorImpl.invoke0(Native Method)
	at sun.reflect.NativeMethodAccessorImpl.invoke(NativeMethodAccessorImpl.java:62)
	at sun.reflect.DelegatingMethodAccessorImpl.invoke(DelegatingMethodAccessorImpl.java:43)
	at java.lang.reflect.Method.invoke(Method.java:498)
	at org.junit.runners.model.FrameworkMethod$1.runReflectiveCall(FrameworkMethod.java:50)
	at org.junit.internal.runners.model.ReflectiveCallable.run(ReflectiveCallable.java:12)
	at org.junit.runners.model.FrameworkMethod.invokeExplosively(FrameworkMethod.java:47)
	at org.junit.internal.runners.statements.InvokeMethod.evaluate(InvokeMethod.java:17)
	at org.junit.runners.ParentRunner.runLeaf(ParentRunner.java:325)
	at org.junit.runners.BlockJUnit4ClassRunner.runChild(BlockJUnit4ClassRunner.java:78)
	at org.junit.runners.BlockJUnit4ClassRunner.runChild(BlockJUnit4ClassRunner.java:57)
	at org.junit.runners.ParentRunner$3.run(ParentRunner.java:290)
	at org.junit.runners.ParentRunner$1.schedule(ParentRunner.java:71)
	at org.junit.runners.ParentRunner.runChildren(ParentRunner.java:288)
	at org.junit.runners.ParentRunner.access$000(ParentRunner.java:58)
	at org.junit.runners.ParentRunner$2.evaluate(ParentRunner.java:268)
	at org.junit.runners.ParentRunner.run(ParentRunner.java:363)
	at org.apache.maven.surefire.junit4.JUnit4Provider.execute(JUnit4Provider.java:252)
	at org.apache.maven.surefire.junit4.JUnit4Provider.executeTestSet(JUnit4Provider.java:141)
	at org.apache.maven.surefire.junit4.JUnit4Provider.invoke(JUnit4Provider.java:112)
	at sun.reflect.NativeMethodAccessorImpl.invoke0(Native Method)
	at sun.reflect.NativeMethodAccessorImpl.invoke(NativeMethodAccessorImpl.java:62)
	at sun.reflect.DelegatingMethodAccessorImpl.invoke(DelegatingMethodAccessorImpl.java:43)
	at java.lang.reflect.Method.invoke(Method.java:498)
	at org.apache.maven.surefire.util.ReflectionUtils.invokeMethodWithArray(ReflectionUtils.java:189)
	at org.apache.maven.surefire.booter.ProviderFactory$ProviderProxy.invoke(ProviderFactory.java:165)
	at org.apache.maven.surefire.booter.ProviderFactory.invokeProvider(ProviderFactory.java:85)
	at org.apache.maven.surefire.booter.ForkedBooter.runSuitesInProcess(ForkedBooter.java:115)
	at org.apache.maven.surefire.booter.ForkedBooter.main(ForkedBooter.java:75)
Caused by: java.lang.NullPointerException
	at org.apache.ibatis.session.defaults.DefaultSqlSessionFactory.openSessionFromDataSource(DefaultSqlSessionFactory.java:95)
	... 33 more
</error>
    <system-out>[DEBUG] 2018-11-18 18:02:10,068 method:org.apache.ibatis.io.DefaultVFS.findJarForResource(DefaultVFS.java:222)
Find JAR URL: file:/F:/workspace/2018/new/bwts-dao/target/classes/com/dlri/chinacnr/bwts/entity
[DEBUG] 2018-11-18 18:02:10,069 method:org.apache.ibatis.io.DefaultVFS.findJarForResource(DefaultVFS.java:248)
Not a JAR: file:/F:/workspace/2018/new/bwts-dao/target/classes/com/dlri/chinacnr/bwts/entity
[DEBUG] 2018-11-18 18:02:10,070 method:org.apache.ibatis.io.DefaultVFS.list(DefaultVFS.java:102)
Reader entry: DetectionDetails.class
[DEBUG] 2018-11-18 18:02:10,071 method:org.apache.ibatis.io.DefaultVFS.list(DefaultVFS.java:102)
Reader entry: DetectionRecord.class
[DEBUG] 2018-11-18 18:02:10,072 method:org.apache.ibatis.io.DefaultVFS.list(DefaultVFS.java:102)
Reader entry: DynRecord.class
[DEBUG] 2018-11-18 18:02:10,073 method:org.apache.ibatis.io.DefaultVFS.list(DefaultVFS.java:102)
Reader entry: LoginInfo.class
[DEBUG] 2018-11-18 18:02:10,074 method:org.apache.ibatis.io.DefaultVFS.list(DefaultVFS.java:102)
Reader entry: Page.class
[DEBUG] 2018-11-18 18:02:10,074 method:org.apache.ibatis.io.DefaultVFS.list(DefaultVFS.java:102)
Reader entry: Protocol.class
[DEBUG] 2018-11-18 18:02:10,075 method:org.apache.ibatis.io.DefaultVFS.list(DefaultVFS.java:102)
Reader entry: RecordTotal.class
[DEBUG] 2018-11-18 18:02:10,075 method:org.apache.ibatis.io.DefaultVFS.list(DefaultVFS.java:102)
Reader entry: ScheduleJob.class
[DEBUG] 2018-11-18 18:02:10,076 method:org.apache.ibatis.io.DefaultVFS.list(DefaultVFS.java:102)
Reader entry: Statistical.class
[DEBUG] 2018-11-18 18:02:10,077 method:org.apache.ibatis.io.DefaultVFS.list(DefaultVFS.java:102)
Reader entry: User.class
[DEBUG] 2018-11-18 18:02:10,077 method:org.apache.ibatis.io.DefaultVFS.list(DefaultVFS.java:113)
Listing file:/F:/workspace/2018/new/bwts-dao/target/classes/com/dlri/chinacnr/bwts/entity
[DEBUG] 2018-11-18 18:02:10,078 method:org.apache.ibatis.io.DefaultVFS.findJarForResource(DefaultVFS.java:222)
Find JAR URL: file:/F:/workspace/2018/new/bwts-dao/target/classes/com/dlri/chinacnr/bwts/entity/DetectionDetails.class
[DEBUG] 2018-11-18 18:02:10,078 method:org.apache.ibatis.io.DefaultVFS.findJarForResource(DefaultVFS.java:248)
Not a JAR: file:/F:/workspace/2018/new/bwts-dao/target/classes/com/dlri/chinacnr/bwts/entity/DetectionDetails.class
[DEBUG] 2018-11-18 18:02:10,079 method:org.apache.ibatis.io.DefaultVFS.list(DefaultVFS.java:102)
Reader entry: 漱壕&amp;#0;&amp;#0;&amp;#0;1&amp;#0;?
[DEBUG] 2018-11-18 18:02:10,079 method:org.apache.ibatis.io.DefaultVFS.findJarForResource(DefaultVFS.java:222)
Find JAR URL: file:/F:/workspace/2018/new/bwts-dao/target/classes/com/dlri/chinacnr/bwts/entity/DetectionRecord.class
[DEBUG] 2018-11-18 18:02:10,079 method:org.apache.ibatis.io.DefaultVFS.findJarForResource(DefaultVFS.java:248)
Not a JAR: file:/F:/workspace/2018/new/bwts-dao/target/classes/com/dlri/chinacnr/bwts/entity/DetectionRecord.class
[DEBUG] 2018-11-18 18:02:10,080 method:org.apache.ibatis.io.DefaultVFS.list(DefaultVFS.java:102)
Reader entry: 漱壕&amp;#0;&amp;#0;&amp;#0;1&amp;#0;?
[DEBUG] 2018-11-18 18:02:10,081 method:org.apache.ibatis.io.DefaultVFS.findJarForResource(DefaultVFS.java:222)
Find JAR URL: file:/F:/workspace/2018/new/bwts-dao/target/classes/com/dlri/chinacnr/bwts/entity/DynRecord.class
[DEBUG] 2018-11-18 18:02:10,081 method:org.apache.ibatis.io.DefaultVFS.findJarForResource(DefaultVFS.java:248)
Not a JAR: file:/F:/workspace/2018/new/bwts-dao/target/classes/com/dlri/chinacnr/bwts/entity/DynRecord.class
[DEBUG] 2018-11-18 18:02:10,082 method:org.apache.ibatis.io.DefaultVFS.list(DefaultVFS.java:102)
Reader entry: 漱壕&amp;#0;&amp;#0;&amp;#0;1&amp;#1;&amp;#4;
[DEBUG] 2018-11-18 18:02:10,083 method:org.apache.ibatis.io.DefaultVFS.findJarForResource(DefaultVFS.java:222)
Find JAR URL: file:/F:/workspace/2018/new/bwts-dao/target/classes/com/dlri/chinacnr/bwts/entity/LoginInfo.class
[DEBUG] 2018-11-18 18:02:10,083 method:org.apache.ibatis.io.DefaultVFS.findJarForResource(DefaultVFS.java:248)
Not a JAR: file:/F:/workspace/2018/new/bwts-dao/target/classes/com/dlri/chinacnr/bwts/entity/LoginInfo.class
[DEBUG] 2018-11-18 18:02:10,084 method:org.apache.ibatis.io.DefaultVFS.list(DefaultVFS.java:102)
Reader entry: 漱壕&amp;#0;&amp;#0;&amp;#0;1&amp;#0;6
[DEBUG] 2018-11-18 18:02:10,084 method:org.apache.ibatis.io.DefaultVFS.findJarForResource(DefaultVFS.java:222)
Find JAR URL: file:/F:/workspace/2018/new/bwts-dao/target/classes/com/dlri/chinacnr/bwts/entity/Page.class
[DEBUG] 2018-11-18 18:02:10,085 method:org.apache.ibatis.io.DefaultVFS.findJarForResource(DefaultVFS.java:248)
Not a JAR: file:/F:/workspace/2018/new/bwts-dao/target/classes/com/dlri/chinacnr/bwts/entity/Page.class
[DEBUG] 2018-11-18 18:02:10,086 method:org.apache.ibatis.io.DefaultVFS.list(DefaultVFS.java:102)
Reader entry: 漱壕&amp;#0;&amp;#0;&amp;#0;1&amp;#0;#
[DEBUG] 2018-11-18 18:02:10,088 method:org.apache.ibatis.io.DefaultVFS.findJarForResource(DefaultVFS.java:222)
Find JAR URL: file:/F:/workspace/2018/new/bwts-dao/target/classes/com/dlri/chinacnr/bwts/entity/Protocol.class
[DEBUG] 2018-11-18 18:02:10,089 method:org.apache.ibatis.io.DefaultVFS.findJarForResource(DefaultVFS.java:248)
Not a JAR: file:/F:/workspace/2018/new/bwts-dao/target/classes/com/dlri/chinacnr/bwts/entity/Protocol.class
[DEBUG] 2018-11-18 18:02:10,090 method:org.apache.ibatis.io.DefaultVFS.list(DefaultVFS.java:102)
Reader entry: 漱壕&amp;#0;&amp;#0;&amp;#0;1&amp;#0;V
[DEBUG] 2018-11-18 18:02:10,091 method:org.apache.ibatis.io.DefaultVFS.findJarForResource(DefaultVFS.java:222)
Find JAR URL: file:/F:/workspace/2018/new/bwts-dao/target/classes/com/dlri/chinacnr/bwts/entity/RecordTotal.class
[DEBUG] 2018-11-18 18:02:10,092 method:org.apache.ibatis.io.DefaultVFS.findJarForResource(DefaultVFS.java:248)
Not a JAR: file:/F:/workspace/2018/new/bwts-dao/target/classes/com/dlri/chinacnr/bwts/entity/RecordTotal.class
[DEBUG] 2018-11-18 18:02:10,093 method:org.apache.ibatis.io.DefaultVFS.list(DefaultVFS.java:102)
Reader entry: 漱壕&amp;#0;&amp;#0;&amp;#0;1&amp;#0;&amp;#29;
[DEBUG] 2018-11-18 18:02:10,093 method:org.apache.ibatis.io.DefaultVFS.findJarForResource(DefaultVFS.java:222)
Find JAR URL: file:/F:/workspace/2018/new/bwts-dao/target/classes/com/dlri/chinacnr/bwts/entity/ScheduleJob.class
[DEBUG] 2018-11-18 18:02:10,094 method:org.apache.ibatis.io.DefaultVFS.findJarForResource(DefaultVFS.java:248)
Not a JAR: file:/F:/workspace/2018/new/bwts-dao/target/classes/com/dlri/chinacnr/bwts/entity/ScheduleJob.class
[DEBUG] 2018-11-18 18:02:10,095 method:org.apache.ibatis.io.DefaultVFS.list(DefaultVFS.java:102)
Reader entry: 漱壕&amp;#0;&amp;#0;&amp;#0;1&amp;#0;J
[DEBUG] 2018-11-18 18:02:10,095 method:org.apache.ibatis.io.DefaultVFS.findJarForResource(DefaultVFS.java:222)
Find JAR URL: file:/F:/workspace/2018/new/bwts-dao/target/classes/com/dlri/chinacnr/bwts/entity/Statistical.class
[DEBUG] 2018-11-18 18:02:10,095 method:org.apache.ibatis.io.DefaultVFS.findJarForResource(DefaultVFS.java:248)
Not a JAR: file:/F:/workspace/2018/new/bwts-dao/target/classes/com/dlri/chinacnr/bwts/entity/Statistical.class
[DEBUG] 2018-11-18 18:02:10,096 method:org.apache.ibatis.io.DefaultVFS.list(DefaultVFS.java:102)
Reader entry: 漱壕&amp;#0;&amp;#0;&amp;#0;1&amp;#0;(
[DEBUG] 2018-11-18 18:02:10,097 method:org.apache.ibatis.io.DefaultVFS.findJarForResource(DefaultVFS.java:222)
Find JAR URL: file:/F:/workspace/2018/new/bwts-dao/target/classes/com/dlri/chinacnr/bwts/entity/User.class
[DEBUG] 2018-11-18 18:02:10,097 method:org.apache.ibatis.io.DefaultVFS.findJarForResource(DefaultVFS.java:248)
Not a JAR: file:/F:/workspace/2018/new/bwts-dao/target/classes/com/dlri/chinacnr/bwts/entity/User.class
[DEBUG] 2018-11-18 18:02:10,098 method:org.apache.ibatis.io.DefaultVFS.list(DefaultVFS.java:102)
Reader entry: 漱壕&amp;#0;&amp;#0;&amp;#0;1&amp;#0;_
[DEBUG] 2018-11-18 18:02:10,098 method:org.apache.ibatis.io.ResolverUtil.addIfMatching(ResolverUtil.java:256)
Checking to see if class com.dlri.chinacnr.bwts.entity.DetectionDetails matches criteria [is assignable to Object]
[DEBUG] 2018-11-18 18:02:10,098 method:org.apache.ibatis.io.ResolverUtil.addIfMatching(ResolverUtil.java:256)
Checking to see if class com.dlri.chinacnr.bwts.entity.DetectionRecord matches criteria [is assignable to Object]
[DEBUG] 2018-11-18 18:02:10,098 method:org.apache.ibatis.io.ResolverUtil.addIfMatching(ResolverUtil.java:256)
Checking to see if class com.dlri.chinacnr.bwts.entity.DynRecord matches criteria [is assignable to Object]
[DEBUG] 2018-11-18 18:02:10,099 method:org.apache.ibatis.io.ResolverUtil.addIfMatching(ResolverUtil.java:256)
Checking to see if class com.dlri.chinacnr.bwts.entity.LoginInfo matches criteria [is assignable to Object]
[DEBUG] 2018-11-18 18:02:10,099 method:org.apache.ibatis.io.ResolverUtil.addIfMatching(ResolverUtil.java:256)
Checking to see if class com.dlri.chinacnr.bwts.entity.Page matches criteria [is assignable to Object]
[DEBUG] 2018-11-18 18:02:10,099 method:org.apache.ibatis.io.ResolverUtil.addIfMatching(ResolverUtil.java:256)
Checking to see if class com.dlri.chinacnr.bwts.entity.Protocol matches criteria [is assignable to Object]
[DEBUG] 2018-11-18 18:02:10,099 method:org.apache.ibatis.io.ResolverUtil.addIfMatching(ResolverUtil.java:256)
Checking to see if class com.dlri.chinacnr.bwts.entity.RecordTotal matches criteria [is assignable to Object]
[DEBUG] 2018-11-18 18:02:10,100 method:org.apache.ibatis.io.ResolverUtil.addIfMatching(ResolverUtil.java:256)
Checking to see if class com.dlri.chinacnr.bwts.entity.ScheduleJob matches criteria [is assignable to Object]
[DEBUG] 2018-11-18 18:02:10,100 method:org.apache.ibatis.io.ResolverUtil.addIfMatching(ResolverUtil.java:256)
Checking to see if class com.dlri.chinacnr.bwts.entity.Statistical matches criteria [is assignable to Object]
[DEBUG] 2018-11-18 18:02:10,100 method:org.apache.ibatis.io.ResolverUtil.addIfMatching(ResolverUtil.java:256)
Checking to see if class com.dlri.chinacnr.bwts.entity.User matches criteria [is assignable to Object]
Logging initialized using &apos;class org.apache.ibatis.logging.stdout.StdOutImpl&apos; adapter.
</system-out>
  </testcase>
  <testcase classname="com.dlri.chinacnr.bwts.dao.DetectionRecordDaoTest" name="testqueryDetectionRecordWithDetails" time="0.089">
    <error message="
### Error opening session.  Cause: java.lang.NullPointerException
### Cause: java.lang.NullPointerException" type="org.apache.ibatis.exceptions.PersistenceException">org.apache.ibatis.exceptions.PersistenceException: 
### Error opening session.  Cause: java.lang.NullPointerException
### Cause: java.lang.NullPointerException
	at org.apache.ibatis.exceptions.ExceptionFactory.wrapException(ExceptionFactory.java:30)
	at org.apache.ibatis.session.defaults.DefaultSqlSessionFactory.openSessionFromDataSource(DefaultSqlSessionFactory.java:100)
	at org.apache.ibatis.session.defaults.DefaultSqlSessionFactory.openSession(DefaultSqlSessionFactory.java:47)
	at com.dlri.chinacnr.bwts.utils.MybatisUtils.getSqlSession(MybatisUtils.java:20)
	at com.dlri.chinacnr.bwts.dao.DetectionRecordDaoTest.testqueryDetectionRecordWithDetails(DetectionRecordDaoTest.java:50)
	at sun.reflect.NativeMethodAccessorImpl.invoke0(Native Method)
	at sun.reflect.NativeMethodAccessorImpl.invoke(NativeMethodAccessorImpl.java:62)
	at sun.reflect.DelegatingMethodAccessorImpl.invoke(DelegatingMethodAccessorImpl.java:43)
	at java.lang.reflect.Method.invoke(Method.java:498)
	at org.junit.runners.model.FrameworkMethod$1.runReflectiveCall(FrameworkMethod.java:50)
	at org.junit.internal.runners.model.ReflectiveCallable.run(ReflectiveCallable.java:12)
	at org.junit.runners.model.FrameworkMethod.invokeExplosively(FrameworkMethod.java:47)
	at org.junit.internal.runners.statements.InvokeMethod.evaluate(InvokeMethod.java:17)
	at org.junit.runners.ParentRunner.runLeaf(ParentRunner.java:325)
	at org.junit.runners.BlockJUnit4ClassRunner.runChild(BlockJUnit4ClassRunner.java:78)
	at org.junit.runners.BlockJUnit4ClassRunner.runChild(BlockJUnit4ClassRunner.java:57)
	at org.junit.runners.ParentRunner$3.run(ParentRunner.java:290)
	at org.junit.runners.ParentRunner$1.schedule(ParentRunner.java:71)
	at org.junit.runners.ParentRunner.runChildren(ParentRunner.java:288)
	at org.junit.runners.ParentRunner.access$000(ParentRunner.java:58)
	at org.junit.runners.ParentRunner$2.evaluate(ParentRunner.java:268)
	at org.junit.runners.ParentRunner.run(ParentRunner.java:363)
	at org.apache.maven.surefire.junit4.JUnit4Provider.execute(JUnit4Provider.java:252)
	at org.apache.maven.surefire.junit4.JUnit4Provider.executeTestSet(JUnit4Provider.java:141)
	at org.apache.maven.surefire.junit4.JUnit4Provider.invoke(JUnit4Provider.java:112)
	at sun.reflect.NativeMethodAccessorImpl.invoke0(Native Method)
	at sun.reflect.NativeMethodAccessorImpl.invoke(NativeMethodAccessorImpl.java:62)
	at sun.reflect.DelegatingMethodAccessorImpl.invoke(DelegatingMethodAccessorImpl.java:43)
	at java.lang.reflect.Method.invoke(Method.java:498)
	at org.apache.maven.surefire.util.ReflectionUtils.invokeMethodWithArray(ReflectionUtils.java:189)
	at org.apache.maven.surefire.booter.ProviderFactory$ProviderProxy.invoke(ProviderFactory.java:165)
	at org.apache.maven.surefire.booter.ProviderFactory.invokeProvider(ProviderFactory.java:85)
	at org.apache.maven.surefire.booter.ForkedBooter.runSuitesInProcess(ForkedBooter.java:115)
	at org.apache.maven.surefire.booter.ForkedBooter.main(ForkedBooter.java:75)
Caused by: java.lang.NullPointerException
	at org.apache.ibatis.session.defaults.DefaultSqlSessionFactory.openSessionFromDataSource(DefaultSqlSessionFactory.java:95)
	... 32 more
</error>
    <system-out>[DEBUG] 2018-11-18 18:02:10,131 method:org.apache.ibatis.io.DefaultVFS.findJarForResource(DefaultVFS.java:222)
Find JAR URL: file:/F:/workspace/2018/new/bwts-dao/target/classes/com/dlri/chinacnr/bwts/entity
[DEBUG] 2018-11-18 18:02:10,131 method:org.apache.ibatis.io.DefaultVFS.findJarForResource(DefaultVFS.java:248)
Not a JAR: file:/F:/workspace/2018/new/bwts-dao/target/classes/com/dlri/chinacnr/bwts/entity
[DEBUG] 2018-11-18 18:02:10,134 method:org.apache.ibatis.io.DefaultVFS.list(DefaultVFS.java:102)
Reader entry: DetectionDetails.class
[DEBUG] 2018-11-18 18:02:10,135 method:org.apache.ibatis.io.DefaultVFS.list(DefaultVFS.java:102)
Reader entry: DetectionRecord.class
[DEBUG] 2018-11-18 18:02:10,136 method:org.apache.ibatis.io.DefaultVFS.list(DefaultVFS.java:102)
Reader entry: DynRecord.class
[DEBUG] 2018-11-18 18:02:10,137 method:org.apache.ibatis.io.DefaultVFS.list(DefaultVFS.java:102)
Reader entry: LoginInfo.class
[DEBUG] 2018-11-18 18:02:10,138 method:org.apache.ibatis.io.DefaultVFS.list(DefaultVFS.java:102)
Reader entry: Page.class
[DEBUG] 2018-11-18 18:02:10,138 method:org.apache.ibatis.io.DefaultVFS.list(DefaultVFS.java:102)
Reader entry: Protocol.class
[DEBUG] 2018-11-18 18:02:10,139 method:org.apache.ibatis.io.DefaultVFS.list(DefaultVFS.java:102)
Reader entry: RecordTotal.class
[DEBUG] 2018-11-18 18:02:10,140 method:org.apache.ibatis.io.DefaultVFS.list(DefaultVFS.java:102)
Reader entry: ScheduleJob.class
[DEBUG] 2018-11-18 18:02:10,141 method:org.apache.ibatis.io.DefaultVFS.list(DefaultVFS.java:102)
Reader entry: Statistical.class
[DEBUG] 2018-11-18 18:02:10,142 method:org.apache.ibatis.io.DefaultVFS.list(DefaultVFS.java:102)
Reader entry: User.class
[DEBUG] 2018-11-18 18:02:10,144 method:org.apache.ibatis.io.DefaultVFS.list(DefaultVFS.java:113)
Listing file:/F:/workspace/2018/new/bwts-dao/target/classes/com/dlri/chinacnr/bwts/entity
[DEBUG] 2018-11-18 18:02:10,144 method:org.apache.ibatis.io.DefaultVFS.findJarForResource(DefaultVFS.java:222)
Find JAR URL: file:/F:/workspace/2018/new/bwts-dao/target/classes/com/dlri/chinacnr/bwts/entity/DetectionDetails.class
[DEBUG] 2018-11-18 18:02:10,145 method:org.apache.ibatis.io.DefaultVFS.findJarForResource(DefaultVFS.java:248)
Not a JAR: file:/F:/workspace/2018/new/bwts-dao/target/classes/com/dlri/chinacnr/bwts/entity/DetectionDetails.class
[DEBUG] 2018-11-18 18:02:10,146 method:org.apache.ibatis.io.DefaultVFS.list(DefaultVFS.java:102)
Reader entry: 漱壕&amp;#0;&amp;#0;&amp;#0;1&amp;#0;?
[DEBUG] 2018-11-18 18:02:10,147 method:org.apache.ibatis.io.DefaultVFS.findJarForResource(DefaultVFS.java:222)
Find JAR URL: file:/F:/workspace/2018/new/bwts-dao/target/classes/com/dlri/chinacnr/bwts/entity/DetectionRecord.class
[DEBUG] 2018-11-18 18:02:10,148 method:org.apache.ibatis.io.DefaultVFS.findJarForResource(DefaultVFS.java:248)
Not a JAR: file:/F:/workspace/2018/new/bwts-dao/target/classes/com/dlri/chinacnr/bwts/entity/DetectionRecord.class
[DEBUG] 2018-11-18 18:02:10,152 method:org.apache.ibatis.io.DefaultVFS.list(DefaultVFS.java:102)
Reader entry: 漱壕&amp;#0;&amp;#0;&amp;#0;1&amp;#0;?
[DEBUG] 2018-11-18 18:02:10,153 method:org.apache.ibatis.io.DefaultVFS.findJarForResource(DefaultVFS.java:222)
Find JAR URL: file:/F:/workspace/2018/new/bwts-dao/target/classes/com/dlri/chinacnr/bwts/entity/DynRecord.class
[DEBUG] 2018-11-18 18:02:10,155 method:org.apache.ibatis.io.DefaultVFS.findJarForResource(DefaultVFS.java:248)
Not a JAR: file:/F:/workspace/2018/new/bwts-dao/target/classes/com/dlri/chinacnr/bwts/entity/DynRecord.class
[DEBUG] 2018-11-18 18:02:10,163 method:org.apache.ibatis.io.DefaultVFS.list(DefaultVFS.java:102)
Reader entry: 漱壕&amp;#0;&amp;#0;&amp;#0;1&amp;#1;&amp;#4;
[DEBUG] 2018-11-18 18:02:10,164 method:org.apache.ibatis.io.DefaultVFS.findJarForResource(DefaultVFS.java:222)
Find JAR URL: file:/F:/workspace/2018/new/bwts-dao/target/classes/com/dlri/chinacnr/bwts/entity/LoginInfo.class
[DEBUG] 2018-11-18 18:02:10,164 method:org.apache.ibatis.io.DefaultVFS.findJarForResource(DefaultVFS.java:248)
Not a JAR: file:/F:/workspace/2018/new/bwts-dao/target/classes/com/dlri/chinacnr/bwts/entity/LoginInfo.class
[DEBUG] 2018-11-18 18:02:10,165 method:org.apache.ibatis.io.DefaultVFS.list(DefaultVFS.java:102)
Reader entry: 漱壕&amp;#0;&amp;#0;&amp;#0;1&amp;#0;6
[DEBUG] 2018-11-18 18:02:10,166 method:org.apache.ibatis.io.DefaultVFS.findJarForResource(DefaultVFS.java:222)
Find JAR URL: file:/F:/workspace/2018/new/bwts-dao/target/classes/com/dlri/chinacnr/bwts/entity/Page.class
[DEBUG] 2018-11-18 18:02:10,166 method:org.apache.ibatis.io.DefaultVFS.findJarForResource(DefaultVFS.java:248)
Not a JAR: file:/F:/workspace/2018/new/bwts-dao/target/classes/com/dlri/chinacnr/bwts/entity/Page.class
[DEBUG] 2018-11-18 18:02:10,171 method:org.apache.ibatis.io.DefaultVFS.list(DefaultVFS.java:102)
Reader entry: 漱壕&amp;#0;&amp;#0;&amp;#0;1&amp;#0;#
[DEBUG] 2018-11-18 18:02:10,171 method:org.apache.ibatis.io.DefaultVFS.findJarForResource(DefaultVFS.java:222)
Find JAR URL: file:/F:/workspace/2018/new/bwts-dao/target/classes/com/dlri/chinacnr/bwts/entity/Protocol.class
[DEBUG] 2018-11-18 18:02:10,172 method:org.apache.ibatis.io.DefaultVFS.findJarForResource(DefaultVFS.java:248)
Not a JAR: file:/F:/workspace/2018/new/bwts-dao/target/classes/com/dlri/chinacnr/bwts/entity/Protocol.class
[DEBUG] 2018-11-18 18:02:10,173 method:org.apache.ibatis.io.DefaultVFS.list(DefaultVFS.java:102)
Reader entry: 漱壕&amp;#0;&amp;#0;&amp;#0;1&amp;#0;V
[DEBUG] 2018-11-18 18:02:10,174 method:org.apache.ibatis.io.DefaultVFS.findJarForResource(DefaultVFS.java:222)
Find JAR URL: file:/F:/workspace/2018/new/bwts-dao/target/classes/com/dlri/chinacnr/bwts/entity/RecordTotal.class
[DEBUG] 2018-11-18 18:02:10,174 method:org.apache.ibatis.io.DefaultVFS.findJarForResource(DefaultVFS.java:248)
Not a JAR: file:/F:/workspace/2018/new/bwts-dao/target/classes/com/dlri/chinacnr/bwts/entity/RecordTotal.class
[DEBUG] 2018-11-18 18:02:10,175 method:org.apache.ibatis.io.DefaultVFS.list(DefaultVFS.java:102)
Reader entry: 漱壕&amp;#0;&amp;#0;&amp;#0;1&amp;#0;&amp;#29;
[DEBUG] 2018-11-18 18:02:10,176 method:org.apache.ibatis.io.DefaultVFS.findJarForResource(DefaultVFS.java:222)
Find JAR URL: file:/F:/workspace/2018/new/bwts-dao/target/classes/com/dlri/chinacnr/bwts/entity/ScheduleJob.class
[DEBUG] 2018-11-18 18:02:10,176 method:org.apache.ibatis.io.DefaultVFS.findJarForResource(DefaultVFS.java:248)
Not a JAR: file:/F:/workspace/2018/new/bwts-dao/target/classes/com/dlri/chinacnr/bwts/entity/ScheduleJob.class
[DEBUG] 2018-11-18 18:02:10,178 method:org.apache.ibatis.io.DefaultVFS.list(DefaultVFS.java:102)
Reader entry: 漱壕&amp;#0;&amp;#0;&amp;#0;1&amp;#0;J
[DEBUG] 2018-11-18 18:02:10,179 method:org.apache.ibatis.io.DefaultVFS.findJarForResource(DefaultVFS.java:222)
Find JAR URL: file:/F:/workspace/2018/new/bwts-dao/target/classes/com/dlri/chinacnr/bwts/entity/Statistical.class
[DEBUG] 2018-11-18 18:02:10,179 method:org.apache.ibatis.io.DefaultVFS.findJarForResource(DefaultVFS.java:248)
Not a JAR: file:/F:/workspace/2018/new/bwts-dao/target/classes/com/dlri/chinacnr/bwts/entity/Statistical.class
[DEBUG] 2018-11-18 18:02:10,180 method:org.apache.ibatis.io.DefaultVFS.list(DefaultVFS.java:102)
Reader entry: 漱壕&amp;#0;&amp;#0;&amp;#0;1&amp;#0;(
[DEBUG] 2018-11-18 18:02:10,181 method:org.apache.ibatis.io.DefaultVFS.findJarForResource(DefaultVFS.java:222)
Find JAR URL: file:/F:/workspace/2018/new/bwts-dao/target/classes/com/dlri/chinacnr/bwts/entity/User.class
[DEBUG] 2018-11-18 18:02:10,182 method:org.apache.ibatis.io.DefaultVFS.findJarForResource(DefaultVFS.java:248)
Not a JAR: file:/F:/workspace/2018/new/bwts-dao/target/classes/com/dlri/chinacnr/bwts/entity/User.class
[DEBUG] 2018-11-18 18:02:10,183 method:org.apache.ibatis.io.DefaultVFS.list(DefaultVFS.java:102)
Reader entry: 漱壕&amp;#0;&amp;#0;&amp;#0;1&amp;#0;_
[DEBUG] 2018-11-18 18:02:10,184 method:org.apache.ibatis.io.ResolverUtil.addIfMatching(ResolverUtil.java:256)
Checking to see if class com.dlri.chinacnr.bwts.entity.DetectionDetails matches criteria [is assignable to Object]
[DEBUG] 2018-11-18 18:02:10,185 method:org.apache.ibatis.io.ResolverUtil.addIfMatching(ResolverUtil.java:256)
Checking to see if class com.dlri.chinacnr.bwts.entity.DetectionRecord matches criteria [is assignable to Object]
[DEBUG] 2018-11-18 18:02:10,185 method:org.apache.ibatis.io.ResolverUtil.addIfMatching(ResolverUtil.java:256)
Checking to see if class com.dlri.chinacnr.bwts.entity.DynRecord matches criteria [is assignable to Object]
[DEBUG] 2018-11-18 18:02:10,185 method:org.apache.ibatis.io.ResolverUtil.addIfMatching(ResolverUtil.java:256)
Checking to see if class com.dlri.chinacnr.bwts.entity.LoginInfo matches criteria [is assignable to Object]
[DEBUG] 2018-11-18 18:02:10,186 method:org.apache.ibatis.io.ResolverUtil.addIfMatching(ResolverUtil.java:256)
Checking to see if class com.dlri.chinacnr.bwts.entity.Page matches criteria [is assignable to Object]
[DEBUG] 2018-11-18 18:02:10,186 method:org.apache.ibatis.io.ResolverUtil.addIfMatching(ResolverUtil.java:256)
Checking to see if class com.dlri.chinacnr.bwts.entity.Protocol matches criteria [is assignable to Object]
[DEBUG] 2018-11-18 18:02:10,186 method:org.apache.ibatis.io.ResolverUtil.addIfMatching(ResolverUtil.java:256)
Checking to see if class com.dlri.chinacnr.bwts.entity.RecordTotal matches criteria [is assignable to Object]
[DEBUG] 2018-11-18 18:02:10,187 method:org.apache.ibatis.io.ResolverUtil.addIfMatching(ResolverUtil.java:256)
Checking to see if class com.dlri.chinacnr.bwts.entity.ScheduleJob matches criteria [is assignable to Object]
[DEBUG] 2018-11-18 18:02:10,188 method:org.apache.ibatis.io.ResolverUtil.addIfMatching(ResolverUtil.java:256)
Checking to see if class com.dlri.chinacnr.bwts.entity.Statistical matches criteria [is assignable to Object]
[DEBUG] 2018-11-18 18:02:10,188 method:org.apache.ibatis.io.ResolverUtil.addIfMatching(ResolverUtil.java:256)
Checking to see if class com.dlri.chinacnr.bwts.entity.User matches criteria [is assignable to Object]
Logging initialized using &apos;class org.apache.ibatis.logging.stdout.StdOutImpl&apos; adapter.
</system-out>
  </testcase>
  <testcase classname="com.dlri.chinacnr.bwts.dao.DetectionRecordDaoTest" name="testQueryOneDetectionRecord" time="0.043">
    <error type="java.lang.NullPointerException">java.lang.NullPointerException
	at com.dlri.chinacnr.bwts.dao.impl.DetectionRecordDaoImpl.queryOneDetectionRecord(DetectionRecordDaoImpl.java:26)
	at com.dlri.chinacnr.bwts.dao.DetectionRecordDaoTest.testQueryOneDetectionRecord(DetectionRecordDaoTest.java:42)
	at sun.reflect.NativeMethodAccessorImpl.invoke0(Native Method)
	at sun.reflect.NativeMethodAccessorImpl.invoke(NativeMethodAccessorImpl.java:62)
	at sun.reflect.DelegatingMethodAccessorImpl.invoke(DelegatingMethodAccessorImpl.java:43)
	at java.lang.reflect.Method.invoke(Method.java:498)
	at org.junit.runners.model.FrameworkMethod$1.runReflectiveCall(FrameworkMethod.java:50)
	at org.junit.internal.runners.model.ReflectiveCallable.run(ReflectiveCallable.java:12)
	at org.junit.runners.model.FrameworkMethod.invokeExplosively(FrameworkMethod.java:47)
	at org.junit.internal.runners.statements.InvokeMethod.evaluate(InvokeMethod.java:17)
	at org.junit.runners.ParentRunner.runLeaf(ParentRunner.java:325)
	at org.junit.runners.BlockJUnit4ClassRunner.runChild(BlockJUnit4ClassRunner.java:78)
	at org.junit.runners.BlockJUnit4ClassRunner.runChild(BlockJUnit4ClassRunner.java:57)
	at org.junit.runners.ParentRunner$3.run(ParentRunner.java:290)
	at org.junit.runners.ParentRunner$1.schedule(ParentRunner.java:71)
	at org.junit.runners.ParentRunner.runChildren(ParentRunner.java:288)
	at org.junit.runners.ParentRunner.access$000(ParentRunner.java:58)
	at org.junit.runners.ParentRunner$2.evaluate(ParentRunner.java:268)
	at org.junit.runners.ParentRunner.run(ParentRunner.java:363)
	at org.apache.maven.surefire.junit4.JUnit4Provider.execute(JUnit4Provider.java:252)
	at org.apache.maven.surefire.junit4.JUnit4Provider.executeTestSet(JUnit4Provider.java:141)
	at org.apache.maven.surefire.junit4.JUnit4Provider.invoke(JUnit4Provider.java:112)
	at sun.reflect.NativeMethodAccessorImpl.invoke0(Native Method)
	at sun.reflect.NativeMethodAccessorImpl.invoke(NativeMethodAccessorImpl.java:62)
	at sun.reflect.DelegatingMethodAccessorImpl.invoke(DelegatingMethodAccessorImpl.java:43)
	at java.lang.reflect.Method.invoke(Method.java:498)
	at org.apache.maven.surefire.util.ReflectionUtils.invokeMethodWithArray(ReflectionUtils.java:189)
	at org.apache.maven.surefire.booter.ProviderFactory$ProviderProxy.invoke(ProviderFactory.java:165)
	at org.apache.maven.surefire.booter.ProviderFactory.invokeProvider(ProviderFactory.java:85)
	at org.apache.maven.surefire.booter.ForkedBooter.runSuitesInProcess(ForkedBooter.java:115)
	at org.apache.maven.surefire.booter.ForkedBooter.main(ForkedBooter.java:75)
</error>
    <system-out>[DEBUG] 2018-11-18 18:02:10,207 method:org.apache.ibatis.io.DefaultVFS.findJarForResource(DefaultVFS.java:222)
Find JAR URL: file:/F:/workspace/2018/new/bwts-dao/target/classes/com/dlri/chinacnr/bwts/entity
[DEBUG] 2018-11-18 18:02:10,207 method:org.apache.ibatis.io.DefaultVFS.findJarForResource(DefaultVFS.java:248)
Not a JAR: file:/F:/workspace/2018/new/bwts-dao/target/classes/com/dlri/chinacnr/bwts/entity
[DEBUG] 2018-11-18 18:02:10,208 method:org.apache.ibatis.io.DefaultVFS.list(DefaultVFS.java:102)
Reader entry: DetectionDetails.class
[DEBUG] 2018-11-18 18:02:10,211 method:org.apache.ibatis.io.DefaultVFS.list(DefaultVFS.java:102)
Reader entry: DetectionRecord.class
[DEBUG] 2018-11-18 18:02:10,212 method:org.apache.ibatis.io.DefaultVFS.list(DefaultVFS.java:102)
Reader entry: DynRecord.class
[DEBUG] 2018-11-18 18:02:10,212 method:org.apache.ibatis.io.DefaultVFS.list(DefaultVFS.java:102)
Reader entry: LoginInfo.class
[DEBUG] 2018-11-18 18:02:10,213 method:org.apache.ibatis.io.DefaultVFS.list(DefaultVFS.java:102)
Reader entry: Page.class
[DEBUG] 2018-11-18 18:02:10,213 method:org.apache.ibatis.io.DefaultVFS.list(DefaultVFS.java:102)
Reader entry: Protocol.class
[DEBUG] 2018-11-18 18:02:10,214 method:org.apache.ibatis.io.DefaultVFS.list(DefaultVFS.java:102)
Reader entry: RecordTotal.class
[DEBUG] 2018-11-18 18:02:10,214 method:org.apache.ibatis.io.DefaultVFS.list(DefaultVFS.java:102)
Reader entry: ScheduleJob.class
[DEBUG] 2018-11-18 18:02:10,215 method:org.apache.ibatis.io.DefaultVFS.list(DefaultVFS.java:102)
Reader entry: Statistical.class
[DEBUG] 2018-11-18 18:02:10,215 method:org.apache.ibatis.io.DefaultVFS.list(DefaultVFS.java:102)
Reader entry: User.class
[DEBUG] 2018-11-18 18:02:10,216 method:org.apache.ibatis.io.DefaultVFS.list(DefaultVFS.java:113)
Listing file:/F:/workspace/2018/new/bwts-dao/target/classes/com/dlri/chinacnr/bwts/entity
[DEBUG] 2018-11-18 18:02:10,216 method:org.apache.ibatis.io.DefaultVFS.findJarForResource(DefaultVFS.java:222)
Find JAR URL: file:/F:/workspace/2018/new/bwts-dao/target/classes/com/dlri/chinacnr/bwts/entity/DetectionDetails.class
[DEBUG] 2018-11-18 18:02:10,216 method:org.apache.ibatis.io.DefaultVFS.findJarForResource(DefaultVFS.java:248)
Not a JAR: file:/F:/workspace/2018/new/bwts-dao/target/classes/com/dlri/chinacnr/bwts/entity/DetectionDetails.class
[DEBUG] 2018-11-18 18:02:10,217 method:org.apache.ibatis.io.DefaultVFS.list(DefaultVFS.java:102)
Reader entry: 漱壕&amp;#0;&amp;#0;&amp;#0;1&amp;#0;?
[DEBUG] 2018-11-18 18:02:10,217 method:org.apache.ibatis.io.DefaultVFS.findJarForResource(DefaultVFS.java:222)
Find JAR URL: file:/F:/workspace/2018/new/bwts-dao/target/classes/com/dlri/chinacnr/bwts/entity/DetectionRecord.class
[DEBUG] 2018-11-18 18:02:10,217 method:org.apache.ibatis.io.DefaultVFS.findJarForResource(DefaultVFS.java:248)
Not a JAR: file:/F:/workspace/2018/new/bwts-dao/target/classes/com/dlri/chinacnr/bwts/entity/DetectionRecord.class
[DEBUG] 2018-11-18 18:02:10,218 method:org.apache.ibatis.io.DefaultVFS.list(DefaultVFS.java:102)
Reader entry: 漱壕&amp;#0;&amp;#0;&amp;#0;1&amp;#0;?
[DEBUG] 2018-11-18 18:02:10,218 method:org.apache.ibatis.io.DefaultVFS.findJarForResource(DefaultVFS.java:222)
Find JAR URL: file:/F:/workspace/2018/new/bwts-dao/target/classes/com/dlri/chinacnr/bwts/entity/DynRecord.class
[DEBUG] 2018-11-18 18:02:10,218 method:org.apache.ibatis.io.DefaultVFS.findJarForResource(DefaultVFS.java:248)
Not a JAR: file:/F:/workspace/2018/new/bwts-dao/target/classes/com/dlri/chinacnr/bwts/entity/DynRecord.class
[DEBUG] 2018-11-18 18:02:10,219 method:org.apache.ibatis.io.DefaultVFS.list(DefaultVFS.java:102)
Reader entry: 漱壕&amp;#0;&amp;#0;&amp;#0;1&amp;#1;&amp;#4;
[DEBUG] 2018-11-18 18:02:10,219 method:org.apache.ibatis.io.DefaultVFS.findJarForResource(DefaultVFS.java:222)
Find JAR URL: file:/F:/workspace/2018/new/bwts-dao/target/classes/com/dlri/chinacnr/bwts/entity/LoginInfo.class
[DEBUG] 2018-11-18 18:02:10,219 method:org.apache.ibatis.io.DefaultVFS.findJarForResource(DefaultVFS.java:248)
Not a JAR: file:/F:/workspace/2018/new/bwts-dao/target/classes/com/dlri/chinacnr/bwts/entity/LoginInfo.class
[DEBUG] 2018-11-18 18:02:10,221 method:org.apache.ibatis.io.DefaultVFS.list(DefaultVFS.java:102)
Reader entry: 漱壕&amp;#0;&amp;#0;&amp;#0;1&amp;#0;6
[DEBUG] 2018-11-18 18:02:10,222 method:org.apache.ibatis.io.DefaultVFS.findJarForResource(DefaultVFS.java:222)
Find JAR URL: file:/F:/workspace/2018/new/bwts-dao/target/classes/com/dlri/chinacnr/bwts/entity/Page.class
[DEBUG] 2018-11-18 18:02:10,222 method:org.apache.ibatis.io.DefaultVFS.findJarForResource(DefaultVFS.java:248)
Not a JAR: file:/F:/workspace/2018/new/bwts-dao/target/classes/com/dlri/chinacnr/bwts/entity/Page.class
[DEBUG] 2018-11-18 18:02:10,223 method:org.apache.ibatis.io.DefaultVFS.list(DefaultVFS.java:102)
Reader entry: 漱壕&amp;#0;&amp;#0;&amp;#0;1&amp;#0;#
[DEBUG] 2018-11-18 18:02:10,223 method:org.apache.ibatis.io.DefaultVFS.findJarForResource(DefaultVFS.java:222)
Find JAR URL: file:/F:/workspace/2018/new/bwts-dao/target/classes/com/dlri/chinacnr/bwts/entity/Protocol.class
[DEBUG] 2018-11-18 18:02:10,223 method:org.apache.ibatis.io.DefaultVFS.findJarForResource(DefaultVFS.java:248)
Not a JAR: file:/F:/workspace/2018/new/bwts-dao/target/classes/com/dlri/chinacnr/bwts/entity/Protocol.class
[DEBUG] 2018-11-18 18:02:10,225 method:org.apache.ibatis.io.DefaultVFS.list(DefaultVFS.java:102)
Reader entry: 漱壕&amp;#0;&amp;#0;&amp;#0;1&amp;#0;V
[DEBUG] 2018-11-18 18:02:10,225 method:org.apache.ibatis.io.DefaultVFS.findJarForResource(DefaultVFS.java:222)
Find JAR URL: file:/F:/workspace/2018/new/bwts-dao/target/classes/com/dlri/chinacnr/bwts/entity/RecordTotal.class
[DEBUG] 2018-11-18 18:02:10,225 method:org.apache.ibatis.io.DefaultVFS.findJarForResource(DefaultVFS.java:248)
Not a JAR: file:/F:/workspace/2018/new/bwts-dao/target/classes/com/dlri/chinacnr/bwts/entity/RecordTotal.class
[DEBUG] 2018-11-18 18:02:10,226 method:org.apache.ibatis.io.DefaultVFS.list(DefaultVFS.java:102)
Reader entry: 漱壕&amp;#0;&amp;#0;&amp;#0;1&amp;#0;&amp;#29;
[DEBUG] 2018-11-18 18:02:10,226 method:org.apache.ibatis.io.DefaultVFS.findJarForResource(DefaultVFS.java:222)
Find JAR URL: file:/F:/workspace/2018/new/bwts-dao/target/classes/com/dlri/chinacnr/bwts/entity/ScheduleJob.class
[DEBUG] 2018-11-18 18:02:10,227 method:org.apache.ibatis.io.DefaultVFS.findJarForResource(DefaultVFS.java:248)
Not a JAR: file:/F:/workspace/2018/new/bwts-dao/target/classes/com/dlri/chinacnr/bwts/entity/ScheduleJob.class
[DEBUG] 2018-11-18 18:02:10,227 method:org.apache.ibatis.io.DefaultVFS.list(DefaultVFS.java:102)
Reader entry: 漱壕&amp;#0;&amp;#0;&amp;#0;1&amp;#0;J
[DEBUG] 2018-11-18 18:02:10,228 method:org.apache.ibatis.io.DefaultVFS.findJarForResource(DefaultVFS.java:222)
Find JAR URL: file:/F:/workspace/2018/new/bwts-dao/target/classes/com/dlri/chinacnr/bwts/entity/Statistical.class
[DEBUG] 2018-11-18 18:02:10,229 method:org.apache.ibatis.io.DefaultVFS.findJarForResource(DefaultVFS.java:248)
Not a JAR: file:/F:/workspace/2018/new/bwts-dao/target/classes/com/dlri/chinacnr/bwts/entity/Statistical.class
[DEBUG] 2018-11-18 18:02:10,230 method:org.apache.ibatis.io.DefaultVFS.list(DefaultVFS.java:102)
Reader entry: 漱壕&amp;#0;&amp;#0;&amp;#0;1&amp;#0;(
[DEBUG] 2018-11-18 18:02:10,231 method:org.apache.ibatis.io.DefaultVFS.findJarForResource(DefaultVFS.java:222)
Find JAR URL: file:/F:/workspace/2018/new/bwts-dao/target/classes/com/dlri/chinacnr/bwts/entity/User.class
[DEBUG] 2018-11-18 18:02:10,231 method:org.apache.ibatis.io.DefaultVFS.findJarForResource(DefaultVFS.java:248)
Not a JAR: file:/F:/workspace/2018/new/bwts-dao/target/classes/com/dlri/chinacnr/bwts/entity/User.class
[DEBUG] 2018-11-18 18:02:10,232 method:org.apache.ibatis.io.DefaultVFS.list(DefaultVFS.java:102)
Reader entry: 漱壕&amp;#0;&amp;#0;&amp;#0;1&amp;#0;_
[DEBUG] 2018-11-18 18:02:10,232 method:org.apache.ibatis.io.ResolverUtil.addIfMatching(ResolverUtil.java:256)
Checking to see if class com.dlri.chinacnr.bwts.entity.DetectionDetails matches criteria [is assignable to Object]
[DEBUG] 2018-11-18 18:02:10,232 method:org.apache.ibatis.io.ResolverUtil.addIfMatching(ResolverUtil.java:256)
Checking to see if class com.dlri.chinacnr.bwts.entity.DetectionRecord matches criteria [is assignable to Object]
[DEBUG] 2018-11-18 18:02:10,233 method:org.apache.ibatis.io.ResolverUtil.addIfMatching(ResolverUtil.java:256)
Checking to see if class com.dlri.chinacnr.bwts.entity.DynRecord matches criteria [is assignable to Object]
[DEBUG] 2018-11-18 18:02:10,234 method:org.apache.ibatis.io.ResolverUtil.addIfMatching(ResolverUtil.java:256)
Checking to see if class com.dlri.chinacnr.bwts.entity.LoginInfo matches criteria [is assignable to Object]
[DEBUG] 2018-11-18 18:02:10,234 method:org.apache.ibatis.io.ResolverUtil.addIfMatching(ResolverUtil.java:256)
Checking to see if class com.dlri.chinacnr.bwts.entity.Page matches criteria [is assignable to Object]
[DEBUG] 2018-11-18 18:02:10,234 method:org.apache.ibatis.io.ResolverUtil.addIfMatching(ResolverUtil.java:256)
Checking to see if class com.dlri.chinacnr.bwts.entity.Protocol matches criteria [is assignable to Object]
[DEBUG] 2018-11-18 18:02:10,234 method:org.apache.ibatis.io.ResolverUtil.addIfMatching(ResolverUtil.java:256)
Checking to see if class com.dlri.chinacnr.bwts.entity.RecordTotal matches criteria [is assignable to Object]
[DEBUG] 2018-11-18 18:02:10,235 method:org.apache.ibatis.io.ResolverUtil.addIfMatching(ResolverUtil.java:256)
Checking to see if class com.dlri.chinacnr.bwts.entity.ScheduleJob matches criteria [is assignable to Object]
[DEBUG] 2018-11-18 18:02:10,235 method:org.apache.ibatis.io.ResolverUtil.addIfMatching(ResolverUtil.java:256)
Checking to see if class com.dlri.chinacnr.bwts.entity.Statistical matches criteria [is assignable to Object]
[DEBUG] 2018-11-18 18:02:10,235 method:org.apache.ibatis.io.ResolverUtil.addIfMatching(ResolverUtil.java:256)
Checking to see if class com.dlri.chinacnr.bwts.entity.User matches criteria [is assignable to Object]
Logging initialized using &apos;class org.apache.ibatis.logging.stdout.StdOutImpl&apos; adapter.
</system-out>
  </testcase>
</testsuite>